########################################################################
Job array ID : 10999700
Array task   : 21
Job ID       : 10999758
Node         : g06
Submit host  : login4.rci.cvut.cz
Restart count: 0
########################################################################
Thu May 14 00:43:11 2026       
+-----------------------------------------------------------------------------------------+
| NVIDIA-SMI 550.54.14              Driver Version: 550.54.14      CUDA Version: 12.4     |
|-----------------------------------------+------------------------+----------------------+
| GPU  Name                 Persistence-M | Bus-Id          Disp.A | Volatile Uncorr. ECC |
| Fan  Temp   Perf          Pwr:Usage/Cap |           Memory-Usage | GPU-Util  Compute M. |
|                                         |                        |               MIG M. |
|=========================================+========================+======================|
|   0  NVIDIA A100-SXM4-40GB          On  |   00000000:01:00.0 Off |                    0 |
| N/A   30C    P0             51W /  400W |       0MiB /  40960MiB |      0%      Default |
|                                         |                        |             Disabled |
+-----------------------------------------+------------------------+----------------------+
                                                                                         
+-----------------------------------------------------------------------------------------+
| Processes:                                                                              |
|  GPU   GI   CI        PID   Type   Process name                              GPU Memory |
|        ID   ID                                                               Usage      |
|=========================================================================================|
|  No running processes found                                                             |
+-----------------------------------------------------------------------------------------+
GPU is clean.
Copying Omniverse cache to node-local /tmp/omni_cache_10999700_21 ...
Using SQLite database: sqlite:////ws/optuna/rand_policy_optuna.db
SQLite file: /home/sargapav/robot_rodeo_gym_ws/optuna/rand_policy_optuna.db
Executing:
apptainer exec --nv     --bind /home/sargapav/robot_rodeo_gym_ws:/ws     --bind /tmp/omni_cache_10999700_21:/home/sargapav/.cache/ov     --env OMNI_KIT_ACCEPT_EULA=Y     --env REQUESTS_CA_BUNDLE=/etc/ssl/certs/ca-certificates.crt     --env SSL_CERT_FILE=/etc/ssl/certs/ca-certificates.crt     /home/sargapav/robot_rodeo_gym_ws/containers/isaaclab_optuna.sif     conda run -n isaaclab --no-capture-output     env PYTHONPATH=/ws/src/FTR-benchmark:/ws/src/flipper_training     python /ws/src/flipper_training/flipper_training/experiments/ppo/optuna_eval_rand.py     --config  /home/sargapav/robot_rodeo_gym_ws/configs/rand_policy_eval.yaml     --optuna_config /home/sargapav/robot_rodeo_gym_ws/configs/optuna_rand_policy.yaml     --headless 
------------------------------------------------------------------------
[Warning] [omni.isaac.kit.simulation_app] Modules: ['omni.kit_app'] were loaded before SimulationApp was started and might not be loaded correctly.
[Warning] [omni.isaac.kit.simulation_app] Please check to make sure no extra omniverse or pxr modules are imported before the call to SimulationApp(...)
[Info] [carb] Logging to file: /opt/conda/envs/isaaclab/lib/python3.10/site-packages/omni/logs/Kit/Isaac-Sim/4.2/kit_20260514_004317.log
2026-05-13 22:43:17 [0ms] [Warning] [omni.kit.app.plugin] No crash reporter present, dumps uploading isn't available.
2026-05-13 22:43:17 [3ms] [Warning] [omni.ext.plugin] [ext: containers] Extensions config 'extension.toml' doesn't exist '/home/sargapav/robot_rodeo_gym_ws/containers' or '/home/sargapav/robot_rodeo_gym_ws/containers/config'
2026-05-13 22:43:17 [3ms] [Warning] [omni.ext.plugin] [ext: src] Extensions config 'extension.toml' doesn't exist '/home/sargapav/robot_rodeo_gym_ws/src' or '/home/sargapav/robot_rodeo_gym_ws/src/config'
2026-05-13 22:43:17 [3ms] [Warning] [omni.ext.plugin] [ext: FTR-Benchmark] Extensions config 'extension.toml' doesn't exist '/home/sargapav/robot_rodeo_gym_ws/FTR-Benchmark' or '/home/sargapav/robot_rodeo_gym_ws/FTR-Benchmark/config'
2026-05-13 22:43:17 [3ms] [Warning] [omni.ext.plugin] [ext: logs] Extensions config 'extension.toml' doesn't exist '/home/sargapav/robot_rodeo_gym_ws/logs' or '/home/sargapav/robot_rodeo_gym_ws/logs/config'
2026-05-13 22:43:17 [3ms] [Warning] [omni.ext.plugin] [ext: runs] Extensions config 'extension.toml' doesn't exist '/home/sargapav/robot_rodeo_gym_ws/runs' or '/home/sargapav/robot_rodeo_gym_ws/runs/config'
2026-05-13 22:43:17 [3ms] [Warning] [omni.ext.plugin] [ext: secrets] Extensions config 'extension.toml' doesn't exist '/home/sargapav/robot_rodeo_gym_ws/secrets' or '/home/sargapav/robot_rodeo_gym_ws/secrets/config'
2026-05-13 22:43:17 [3ms] [Warning] [omni.ext.plugin] [ext: configs] Extensions config 'extension.toml' doesn't exist '/home/sargapav/robot_rodeo_gym_ws/configs' or '/home/sargapav/robot_rodeo_gym_ws/configs/config'
2026-05-13 22:43:17 [3ms] [Warning] [omni.ext.plugin] [ext: reports] Extensions config 'extension.toml' doesn't exist '/home/sargapav/robot_rodeo_gym_ws/reports' or '/home/sargapav/robot_rodeo_gym_ws/reports/config'
2026-05-13 22:43:17 [3ms] [Warning] [omni.ext.plugin] [ext: slurm] Extensions config 'extension.toml' doesn't exist '/home/sargapav/robot_rodeo_gym_ws/slurm' or '/home/sargapav/robot_rodeo_gym_ws/slurm/config'
2026-05-13 22:43:17 [4ms] [Warning] [omni.ext.plugin] [ext: wandb] Extensions config 'extension.toml' doesn't exist '/home/sargapav/robot_rodeo_gym_ws/wandb' or '/home/sargapav/robot_rodeo_gym_ws/wandb/config'
2026-05-13 22:43:17 [4ms] [Warning] [omni.ext.plugin] [ext: scripts] Extensions config 'extension.toml' doesn't exist '/home/sargapav/robot_rodeo_gym_ws/scripts' or '/home/sargapav/robot_rodeo_gym_ws/scripts/config'
2026-05-13 22:43:17 [4ms] [Warning] [omni.ext.plugin] [ext: optuna] Extensions config 'extension.toml' doesn't exist '/home/sargapav/robot_rodeo_gym_ws/optuna' or '/home/sargapav/robot_rodeo_gym_ws/optuna/config'
[0.190s] [ext: omni.kit.async_engine-0.0.1] startup
[0.399s] [ext: omni.stats-1.0.1] startup
[0.403s] [ext: omni.client-1.2.0] startup
[0.513s] [ext: omni.gpu_foundation.shadercache.vulkan-1.0.0] startup
[0.521s] [ext: omni.assets.plugins-0.0.0] startup
[0.530s] [ext: omni.gpu_foundation-0.0.0] startup
[0.630s] [ext: omni.kit.pipapi-0.0.0] startup
[0.631s] [ext: omni.materialx.libs-1.0.4] startup
[0.650s] [ext: omni.kit.pip_archive-0.0.0] startup
[0.651s] [ext: omni.usd.config-1.0.4] startup
[0.659s] [ext: omni.gpucompute.plugins-0.0.0] startup
[0.661s] [ext: omni.usd.libs-1.0.1] startup
[0.939s] [ext: omni.kit.telemetry-0.5.0] startup
[0.970s] [ext: omni.usd.schema.semantics-0.0.0] startup
[1.129s] [ext: omni.usd.schema.audio-0.0.0] startup
[1.150s] [ext: omni.usd.schema.physx-106.1.9] startup
[1.214s] [ext: carb.audio-0.1.0] startup
[1.227s] [ext: omni.kvdb-106.1.9] startup
[1.232s] [ext: omni.timeline-1.0.10] startup
[1.236s] [ext: omni.kit.actions.core-1.0.0] startup
[1.240s] [ext: omni.kit.audiodeviceenum-1.0.1] startup
[1.243s] [ext: omni.localcache-106.1.9] startup
[1.247s] [ext: omni.usd_resolver-1.0.0] startup
[1.253s] [ext: omni.kit.commands-1.4.9] startup
[1.260s] [ext: omni.graph.exec-0.9.4] startup
[1.262s] [ext: omni.usd.core-1.4.1] startup
[1.269s] [ext: omni.kit.usd_undo-0.1.8] startup
[1.270s] [ext: omni.kit.exec.core-0.13.4] startup
[1.275s] [ext: omni.convexdecomposition-106.1.9] startup
[1.282s] [ext: omni.usd-1.12.2] startup
[1.335s] [ext: omni.usdphysics-106.1.9] startup
[1.338s] [ext: omni.physx.foundation-106.1.9] startup
[1.346s] [ext: omni.kit.usd.layers-2.1.36] startup
[1.360s] [ext: omni.physx.cooking-106.1.9] startup
[1.371s] [ext: omni.blobkey-1.1.2] startup
[1.374s] [ext: omni.datastore-0.0.0] startup
[1.412s] [ext: omni.ujitso.default-1.0.0] startup
[1.418s] [ext: omni.hsscclient-1.1.1] startup
[1.426s] [ext: omni.kit.primitive.mesh-1.0.17] startup
[1.431s] [ext: usdrt.scenegraph-7.5.0] startup
[1.511s] [ext: omni.warp.core-1.2.1] startup
[1.757s] [ext: omni.physx-106.1.9] startup
[1.792s] [ext: omni.kit.stage_template.core-1.1.22] startup
[1.794s] [ext: omni.physx.stageupdate-106.1.9] startup
[1.798s] [ext: omni.kit.stage_templates-1.2.5] startup
[1.800s] [ext: omni.physics.tensors-106.1.9] startup
[1.809s] [ext: omni.isaac.version-1.1.0] startup
[1.810s] [ext: omni.physx.tensors-106.1.9] startup
[2.317s] [ext: omni.isaac.nucleus-0.3.1] startup
[2.319s] [ext: omni.kit.loop-isaac-1.2.0] startup
[2.321s] [ext: omni.isaac.core-3.19.5] startup
2026-05-13 22:43:21 [3,280ms] [Warning] [omni.platforminfo.plugin] failed to open the default display.  Can't verify X Server version.
2026-05-13 22:43:21 [3,281ms] [Warning] [omni.platforminfo.plugin] failed to load XRAndR.
[4.671s] [ext: omni.physx.fabric-106.1.9] startup
[4.682s] [ext: omni.isaac.kit-1.13.2] startup
[4.682s] [ext: omni.isaac.cloner-0.8.1] startup
[4.683s] [ext: isaaclab.python.headless-1.2.0] startup
[4.685s] Simulation App Starting
2026-05-13 22:43:22 [4,670ms] [Warning] [gpu.foundation.plugin] [ShaderCache]: Creating driver shaderCache directory failed: /opt/conda/envs/isaaclab/lib/python3.10/site-packages/omni/cache/nv_shadercache

|---------------------------------------------------------------------------------------------|
| Driver Version: 0             | Graphics API: Vulkan
|=============================================================================================|
| GPU | Name                             | Active | LDA | GPU Memory | Vendor-ID | LUID       |
|     |                                  |        |     |            | Device-ID | UUID       |
|     |                                  |        |     |            | Bus-ID    |            |
|=============================================================================================|
| OS: 13 (trixie) debian, Version: 13.577729326.1532693002, Kernel: 4.18.0-513.9.1.el8_9.x86_64
| Processor: AMD EPYC 7543 32-Core Processor | Cores: 64 | Logical: 128
|---------------------------------------------------------------------------------------------|
| Total Memory (MB): 1031894 | Free Memory: 935680
| Total Page/Swap (MB): 0 | Free Page/Swap: 0
|---------------------------------------------------------------------------------------------|
2026-05-13 22:43:22 [5,098ms] [Warning] [omni.physx.foundation.plugin] PhysXFoundation: Couldn't get driver version, failed to getDeviceInfo
2026-05-13 22:43:22 [5,098ms] [Warning] [omni.physx.foundation.plugin] PhysXFoundation: Unable to get IGpuFoundation, GpuDevices or Graphics!
2026-05-13 22:43:22 [5,098ms] [Warning] [carb.cudainterop.plugin] CUDA_VISIBLE_DEVICES environment variable is set.
2026-05-13 22:43:22 [5,098ms] [Warning] [carb.cudainterop.plugin] Note CUDA device enumeration and Omniverse device enumeration are different.
2026-05-13 22:43:22 [5,098ms] [Warning] [carb.cudainterop.plugin] Setting CUDA_VISIBLE_DEVICES can lead to undesired behavior or crashes.
[5.877s] app ready
[INFO][AppLauncher]: Loading experience file: /opt/IsaacLab/source/extensions/omni.isaac.lab/omni/isaac/lab/app/../../../../../../apps/isaaclab.python.headless.kit
Starting kit application with the following args:  ['/opt/conda/envs/isaaclab/lib/python3.10/site-packages/isaacsim/exts/omni.isaac.kit/omni/isaac/kit/simulation_app.py', '/opt/IsaacLab/source/extensions/omni.isaac.lab/omni/isaac/lab/app/../../../../../../apps/isaaclab.python.headless.kit', '--/app/tokens/exe-path=/opt/conda/envs/isaaclab/lib/python3.10/site-packages/omni', '--/persistent/app/viewport/displayOptions=3094', '--/rtx/materialDb/syncLoads=True', '--/rtx/hydra/materialSyncLoads=True', '--/omni.kit.plugin/syncUsdLoads=True', '--/app/renderer/resolution/width=1280', '--/app/renderer/resolution/height=720', '--/app/window/width=1440', '--/app/window/height=900', '--/renderer/multiGpu/enabled=True', '--/app/fastShutdown=True', '--ext-folder', '/opt/conda/envs/isaaclab/lib/python3.10/site-packages/isaacsim/exts', '--ext-folder', '/opt/conda/envs/isaaclab/lib/python3.10/site-packages/isaacsim/apps', '--/renderer/activeGpu=0', '--/physics/cudaDevice=0', '--portable', '--no-window', '--/app/window/hideUi=True']
Passing the following args to the base kit application:  ['--config', '/home/sargapav/robot_rodeo_gym_ws/configs/rand_policy_eval.yaml', '--optuna_config', '/home/sargapav/robot_rodeo_gym_ws/configs/optuna_rand_policy.yaml', '--headless']
/ws
Warp 1.2.1 initialized:
   CUDA Toolkit 11.8, Driver 12.4
   Devices:
     "cpu"      : "CPU"
     "cuda:0"   : "NVIDIA A100-SXM4-40GB" (39 GiB, sm_80, mempool enabled)
   Kernel cache:
     /home/sargapav/.cache/warp/1.2.1
2026-05-14 00:43:29,956 [optuna_eval_rand][[92mINFO[00m]: Search space: 4 parameters over 80 total trials. (optuna_eval_rand.py:344)
2026-05-14 00:43:29,956 [optuna_eval_rand][[92mINFO[00m]: Optimising:   ['eval/success_rate']  (['maximize']) (optuna_eval_rand.py:345)
[6.042s] Simulation App Startup Complete
2026-05-13 22:43:28 [10,543ms] [Warning] [pxr.Semantics] pxr.Semantics is deprecated - please use Semantics instead
2026-05-13 22:43:29 [12,230ms] [Warning] [omni.isaac.lab.envs.direct_rl_env] Seed not set for the environment. The environment creation may not be deterministic.
2026-05-13 22:43:32 [14,817ms] [Warning] [omni.physx.plugin] The rigid body at /World/envs/env_0/pumbaa_wheel/pumbaa_wheel/chassis_link has a possibly invalid inertia tensor of {1.0, 1.0, 1.0} and a negative mass, small sphere approximated inertia was used. Either specify correct values in the mass properties, or add collider(s) to any shape(s) that you wish to automatically compute mass properties for.
2026-05-13 22:43:32 [14,817ms] [Warning] [omni.physx.plugin] The rigid body at /World/envs/env_0/pumbaa_wheel/pumbaa_wheel/front_left_flipper_link has a possibly invalid inertia tensor of {1.0, 1.0, 1.0} and a negative mass, small sphere approximated inertia was used. Either specify correct values in the mass properties, or add collider(s) to any shape(s) that you wish to automatically compute mass properties for.
2026-05-13 22:43:32 [14,817ms] [Warning] [omni.physx.plugin] The rigid body at /World/envs/env_0/pumbaa_wheel/pumbaa_wheel/front_right_flipper_link has a possibly invalid inertia tensor of {1.0, 1.0, 1.0} and a negative mass, small sphere approximated inertia was used. Either specify correct values in the mass properties, or add collider(s) to any shape(s) that you wish to automatically compute mass properties for.
2026-05-13 22:43:32 [14,817ms] [Warning] [omni.physx.plugin] The rigid body at /World/envs/env_0/pumbaa_wheel/pumbaa_wheel/rear_left_flipper_link has a possibly invalid inertia tensor of {1.0, 1.0, 1.0} and a negative mass, small sphere approximated inertia was used. Either specify correct values in the mass properties, or add collider(s) to any shape(s) that you wish to automatically compute mass properties for.
2026-05-13 22:43:32 [14,817ms] [Warning] [omni.physx.plugin] The rigid body at /World/envs/env_0/pumbaa_wheel/pumbaa_wheel/rear_right_flipper_link has a possibly invalid inertia tensor of {1.0, 1.0, 1.0} and a negative mass, small sphere approximated inertia was used. Either specify correct values in the mass properties, or add collider(s) to any shape(s) that you wish to automatically compute mass properties for.
2026-05-13 22:43:40 [23,057ms] [Warning] [omni.isaac.lab.assets.articulation.articulation] Not all actuators are configured! Total number of actuated joints not equal to number of joints available: 24 != 40.
[INFO]: Base environment:
	Environment device    : cuda:0
	Environment seed      : None
	Physics step-size     : 0.005
	Rendering step-size   : 0.025
	Environment step-size : 0.025
[INFO]: Time taken for scene creation : 0.674858 seconds
[INFO]: Scene manager:  <class InteractiveScene>
	Number of environments: 1024
	Environment spacing   : 0.0
	Source prim name      : /World/envs/env_0
	Global prim paths     : ['/World/terrain']
	Replicate physics     : True
[INFO]: Starting the simulation. This may take a few seconds. Please wait...
[INFO]: Time taken for simulation start : 10.858151 seconds
[INFO]: Completed setting up the environment...
2026-05-14 00:43:42,069 [optuna_eval_rand][[92mINFO[00m]: Study 'rand_policy_optuna_v1' — 20 complete trials (21 total), targeting 80. Running 1 trial. (optuna_eval_rand.py:275)
2026-05-14 00:43:42,258 [optuna_eval_rand][[92mINFO[00m]: Trial 21 — sampled parameters: (optuna_eval_rand.py:164)
2026-05-14 00:43:42,258 [optuna_eval_rand][[92mINFO[00m]:   policy_opts.linear_speed = 0.3536946190738677 (optuna_eval_rand.py:166)
2026-05-14 00:43:42,258 [optuna_eval_rand][[92mINFO[00m]:   policy_opts.sync_flippers = True (optuna_eval_rand.py:166)
2026-05-14 00:43:42,258 [optuna_eval_rand][[92mINFO[00m]:   policy_opts.amp_min = 2.201209693805402 (optuna_eval_rand.py:166)
2026-05-14 00:43:42,258 [optuna_eval_rand][[92mINFO[00m]:   policy_opts.amp_max = 2.201209693805402 (optuna_eval_rand.py:166)
2026-05-14 00:43:42,258 [optuna_eval_rand][[92mINFO[00m]:   policy_opts.freq_min = 0.015212638853898479 (optuna_eval_rand.py:166)
2026-05-14 00:43:42,258 [optuna_eval_rand][[92mINFO[00m]:   policy_opts.freq_max = 0.015212638853898479 (optuna_eval_rand.py:166)
2026-05-13 22:46:14 [176,620ms] [Warning] [ftr_envs.tasks.crossing.ftr_env] Sanitized 4/1024 envs (pos_max=86.3 lin_vel_max=10.1 ang_vel_max=0.2): env_ids=[0, 160, 800, 960]
2026-05-13 22:46:15 [177,455ms] [Warning] [ftr_envs.tasks.crossing.ftr_env] Sanitized 3/1024 envs (pos_max=86.3 lin_vel_max=10.1 ang_vel_max=0.1): env_ids=[14, 814, 974]
2026-05-13 22:46:15 [177,874ms] [Warning] [ftr_envs.tasks.crossing.ftr_env] Sanitized 2/1024 envs (pos_max=86.3 lin_vel_max=10.1 ang_vel_max=0.1): env_ids=[1, 174]
2026-05-13 22:46:16 [178,290ms] [Warning] [ftr_envs.tasks.crossing.ftr_env] Sanitized 3/1024 envs (pos_max=86.3 lin_vel_max=10.1 ang_vel_max=0.2): env_ids=[161, 801, 961]
2026-05-13 22:46:16 [178,705ms] [Warning] [ftr_envs.tasks.crossing.ftr_env] Sanitized 5/1024 envs (pos_max=86.2 lin_vel_max=10.0 ang_vel_max=0.7): env_ids=[13, 16, 173, 176, 816]
2026-05-13 22:46:16 [179,121ms] [Warning] [ftr_envs.tasks.crossing.ftr_env] Sanitized 6/1024 envs (pos_max=86.3 lin_vel_max=10.1 ang_vel_max=0.1): env_ids=[144, 802, 813, 944, 973, 976]
2026-05-13 22:46:17 [179,536ms] [Warning] [ftr_envs.tasks.crossing.ftr_env] Sanitized 7/1024 envs (pos_max=86.2 lin_vel_max=10.1 ang_vel_max=0.5): env_ids=[2, 158, 162, 190, 830, 958, 962]
2026-05-13 22:46:17 [179,952ms] [Warning] [ftr_envs.tasks.crossing.ftr_env] Sanitized 8/1024 envs (pos_max=86.3 lin_vel_max=10.1 ang_vel_max=0.8): env_ids=[12, 30, 172, 798, 812, 972, 977, 990]
2026-05-13 22:46:18 [180,368ms] [Warning] [ftr_envs.tasks.crossing.ftr_env] Sanitized 14/1024 envs (pos_max=86.3 lin_vel_max=10.1 ang_vel_max=0.3): env_ids=[3, 17, 32, 128, 145, 163, 177, 192, 803, 817, 928, 945, 963, 992]
2026-05-13 22:46:18 [180,790ms] [Warning] [ftr_envs.tasks.crossing.ftr_env] Sanitized 7/1024 envs (pos_max=86.3 lin_vel_max=10.1 ang_vel_max=0.5): env_ids=[11, 29, 171, 811, 829, 832, 971]
2026-05-13 22:46:18 [181,208ms] [Warning] [ftr_envs.tasks.crossing.ftr_env] Sanitized 16/1024 envs (pos_max=86.3 lin_vel_max=10.1 ang_vel_max=1.0): env_ids=[4, 46, 157, 164, 178, 189, 206, 797, 804, 810, 818, 942, 957, 964, 978, 989]
2026-05-13 22:46:19 [181,628ms] [Warning] [ftr_envs.tasks.crossing.ftr_env] Sanitized 16/1024 envs (pos_max=86.3 lin_vel_max=10.1 ang_vel_max=1.1): env_ids=[10, 18, 28, 33, 112, 129, 142, 146, 170, 208, 833, 846, 848, 946, 970, 1006]
2026-05-13 22:46:19 [182,048ms] [Warning] [ftr_envs.tasks.crossing.ftr_env] Sanitized 12/1024 envs (pos_max=86.3 lin_vel_max=10.1 ang_vel_max=0.8): env_ids=[48, 156, 188, 193, 819, 862, 912, 929, 956, 988, 993, 1008]
2026-05-13 22:46:20 [182,466ms] [Warning] [ftr_envs.tasks.crossing.ftr_env] Sanitized 26/1024 envs (pos_max=86.3 lin_vel_max=10.1 ang_vel_max=0.9): env_ids=[19, 45, 62, 64, 80, 96, 126, 141, 147, 179, 187, 205, 222, 224, 240, 828, 845, 864, 880, 896, 926, 941, 947, 979, 1005, 1022]
2026-05-13 22:46:20 [182,896ms] [Warning] [ftr_envs.tasks.crossing.ftr_env] Sanitized 12/1024 envs (pos_max=86.3 lin_vel_max=10.1 ang_vel_max=0.2): env_ids=[27, 34, 49, 130, 827, 834, 849, 878, 930, 955, 987, 994]
2026-05-13 22:46:21 [183,323ms] [Warning] [ftr_envs.tasks.crossing.ftr_env] Sanitized 21/1024 envs (pos_max=86.3 lin_vel_max=10.1 ang_vel_max=0.8): env_ids=[20, 26, 78, 94, 110, 113, 148, 155, 180, 194, 204, 209, 238, 254, 820, 910, 913, 948, 980, 986, 1009]
2026-05-13 22:46:21 [183,750ms] [Warning] [ftr_envs.tasks.crossing.ftr_env] Sanitized 22/1024 envs (pos_max=86.2 lin_vel_max=10.1 ang_vel_max=0.9): env_ids=[44, 61, 65, 125, 140, 149, 154, 186, 225, 826, 844, 861, 865, 881, 894, 897, 925, 940, 949, 954, 1004, 1021]
2026-05-13 22:46:21 [184,172ms] [Warning] [ftr_envs.tasks.crossing.ftr_env] Sanitized 21/1024 envs (pos_max=86.3 lin_vel_max=10.1 ang_vel_max=0.6): env_ids=[35, 81, 97, 114, 131, 150, 153, 195, 210, 221, 241, 835, 850, 909, 931, 939, 950, 952, 953, 995, 1010]
2026-05-13 22:46:22 [184,593ms] [Warning] [ftr_envs.tasks.crossing.ftr_env] Sanitized 25/1024 envs (pos_max=86.3 lin_vel_max=10.1 ang_vel_max=0.9): env_ids=[36, 43, 50, 60, 77, 109, 139, 151, 152, 203, 220, 226, 237, 253, 836, 843, 860, 877, 893, 914, 932, 951, 996, 1003, 1020]
2026-05-13 22:46:22 [185,017ms] [Warning] [ftr_envs.tasks.crossing.ftr_env] Sanitized 16/1024 envs (pos_max=86.3 lin_vel_max=10.1 ang_vel_max=1.0): env_ids=[37, 42, 51, 66, 93, 98, 124, 132, 138, 196, 211, 242, 866, 882, 898, 924]
2026-05-13 22:46:23 [185,445ms] [Warning] [ftr_envs.tasks.crossing.ftr_env] Sanitized 22/1024 envs (pos_max=86.3 lin_vel_max=10.1 ang_vel_max=0.8): env_ids=[76, 82, 92, 108, 115, 133, 137, 197, 202, 837, 838, 842, 851, 876, 908, 915, 933, 938, 997, 1001, 1002, 1011]
2026-05-13 22:46:23 [185,869ms] [Warning] [ftr_envs.tasks.crossing.ftr_env] Sanitized 33/1024 envs (pos_max=86.3 lin_vel_max=10.1 ang_vel_max=0.8): env_ids=[38, 39, 40, 41, 52, 59, 67, 99, 123, 134, 135, 136, 198, 199, 200, 201, 219, 227, 236, 252, 839, 841, 852, 859, 867, 892, 923, 934, 937, 998, 999, 1000, 1019]
2026-05-13 22:46:24 [186,304ms] [Warning] [ftr_envs.tasks.crossing.ftr_env] Sanitized 22/1024 envs (pos_max=86.3 lin_vel_max=10.1 ang_vel_max=0.8): env_ids=[58, 75, 83, 107, 116, 117, 122, 212, 218, 235, 243, 840, 853, 858, 875, 883, 899, 916, 935, 936, 1012, 1018]
2026-05-13 22:46:24 [186,736ms] [Warning] [ftr_envs.tasks.crossing.ftr_env] Sanitized 19/1024 envs (pos_max=86.3 lin_vel_max=10.1 ang_vel_max=0.8): env_ids=[53, 57, 91, 100, 106, 214, 217, 228, 244, 251, 856, 868, 884, 891, 907, 917, 922, 1013, 1014]
2026-05-13 22:46:24 [187,186ms] [Warning] [ftr_envs.tasks.crossing.ftr_env] Sanitized 33/1024 envs (pos_max=86.3 lin_vel_max=10.1 ang_vel_max=0.9): env_ids=[54, 55, 56, 68, 74, 84, 85, 90, 101, 118, 119, 120, 121, 213, 215, 216, 229, 234, 250, 854, 855, 857, 869, 874, 900, 901, 906, 918, 919, 920, 921, 1016, 1017]
2026-05-13 22:46:25 [187,620ms] [Warning] [ftr_envs.tasks.crossing.ftr_env] Sanitized 18/1024 envs (pos_max=86.3 lin_vel_max=10.1 ang_vel_max=0.9): env_ids=[69, 70, 72, 102, 103, 105, 230, 231, 233, 245, 870, 871, 873, 885, 890, 902, 905, 1015]
2026-05-13 22:46:25 [188,048ms] [Warning] [ftr_envs.tasks.crossing.ftr_env] Sanitized 17/1024 envs (pos_max=86.3 lin_vel_max=10.1 ang_vel_max=0.8): env_ids=[71, 73, 86, 87, 89, 104, 232, 246, 247, 249, 872, 886, 887, 888, 889, 903, 904]
2026-05-13 22:46:26 [188,467ms] [Warning] [ftr_envs.tasks.crossing.ftr_env] Sanitized 2/1024 envs (pos_max=86.3 lin_vel_max=10.1 ang_vel_max=0.0): env_ids=[88, 248]
2026-05-13 22:46:38 [200,612ms] [Warning] [ftr_envs.tasks.crossing.ftr_env] Sanitized 1/1024 envs (pos_max=86.2 lin_vel_max=9.9 ang_vel_max=0.4): env_ids=[185]
2026-05-13 22:46:39 [201,883ms] [Warning] [ftr_envs.tasks.crossing.ftr_env] Sanitized 1/1024 envs (pos_max=86.1 lin_vel_max=9.9 ang_vel_max=1.1): env_ids=[983]
2026-05-13 22:46:40 [203,143ms] [Warning] [ftr_envs.tasks.crossing.ftr_env] Sanitized 1/1024 envs (pos_max=86.2 lin_vel_max=10.0 ang_vel_max=0.0): env_ids=[985]
2026-05-13 22:46:42 [204,795ms] [Warning] [ftr_envs.tasks.crossing.ftr_env] Sanitized 1/1024 envs (pos_max=86.1 lin_vel_max=10.0 ang_vel_max=0.2): env_ids=[822]
2026-05-13 22:46:44 [206,475ms] [Warning] [ftr_envs.tasks.crossing.ftr_env] Sanitized 2/1024 envs (pos_max=86.1 lin_vel_max=10.1 ang_vel_max=0.1): env_ids=[183, 824]
2026-05-13 22:46:44 [206,901ms] [Warning] [ftr_envs.tasks.crossing.ftr_env] Sanitized 2/1024 envs (pos_max=86.2 lin_vel_max=10.1 ang_vel_max=0.2): env_ids=[825, 984]
2026-05-13 22:46:45 [207,325ms] [Warning] [ftr_envs.tasks.crossing.ftr_env] Sanitized 2/1024 envs (pos_max=86.1 lin_vel_max=10.0 ang_vel_max=0.8): env_ids=[22, 981]
2026-05-13 22:46:45 [207,748ms] [Warning] [ftr_envs.tasks.crossing.ftr_env] Sanitized 3/1024 envs (pos_max=86.3 lin_vel_max=10.0 ang_vel_max=0.4): env_ids=[25, 821, 982]
2026-05-13 22:46:45 [208,165ms] [Warning] [ftr_envs.tasks.crossing.ftr_env] Sanitized 1/1024 envs (pos_max=86.3 lin_vel_max=10.0 ang_vel_max=0.0): env_ids=[23]
2026-05-13 22:46:47 [209,404ms] [Warning] [ftr_envs.tasks.crossing.ftr_env] Sanitized 1/1024 envs (pos_max=86.2 lin_vel_max=10.0 ang_vel_max=0.1): env_ids=[21]
2026-05-13 22:46:47 [210,228ms] [Warning] [ftr_envs.tasks.crossing.ftr_env] Sanitized 1/1024 envs (pos_max=86.1 lin_vel_max=10.0 ang_vel_max=0.0): env_ids=[24]
2026-05-13 22:46:49 [2112026-05-14 01:26:34,502 [optuna_eval_rand][[92mINFO[00m]: Trial 21 done — {'eval/success_rate': 0.0749569578362681} (optuna_eval_rand.py:223)
2026-05-14 01:26:34,927 [optuna_eval_rand][[92mINFO[00m]: Best trial so far: #10  values=[0.2609089398943186]  params={'policy_opts.linear_speed': 0.7507154075743057, 'amp': 2.2149649969213105, 'freq': 0.10243794887764007, 'policy_opts.sync_flippers': True} (optuna_eval_rand.py:294)
########################################################################
Task 21 finished with exit status: 0
########################################################################
Cleaning up node-local cache...
