########################################################################
Job ID: 10999209
Running on node: g05
Script arguments received by sbatch script (/var/spool/slurm/d/job10999209/slurm_script): 
Number of arguments: 0
########################################################################
Setting up environment...
Changed directory to /home/sargapav/robot_rodeo_gym_ws
------------------------------------------------------------------------
nvidia-smi output:
Wed May 13 19:55:55 2026       
+-----------------------------------------------------------------------------------------+
| NVIDIA-SMI 550.54.14              Driver Version: 550.54.14      CUDA Version: 12.4     |
|-----------------------------------------+------------------------+----------------------+
| GPU  Name                 Persistence-M | Bus-Id          Disp.A | Volatile Uncorr. ECC |
| Fan  Temp   Perf          Pwr:Usage/Cap |           Memory-Usage | GPU-Util  Compute M. |
|                                         |                        |               MIG M. |
|=========================================+========================+======================|
|   0  NVIDIA A100-SXM4-40GB          On  |   00000000:81:00.0 Off |                    0 |
| N/A   24C    P0             50W /  400W |       0MiB /  40960MiB |      0%      Default |
|                                         |                        |             Disabled |
+-----------------------------------------+------------------------+----------------------+
                                                                                         
+-----------------------------------------------------------------------------------------+
| Processes:                                                                              |
|  GPU   GI   CI        PID   Type   Process name                              GPU Memory |
|        ID   ID                                                               Usage      |
|=========================================================================================|
|  No running processes found                                                             |
+-----------------------------------------------------------------------------------------+
GPU is clear (no active CUDA contexts).
------------------------------------------------------------------------
W&B project : flipper_training
Copying Omniverse cache to node-local /tmp/omni_cache_10999209 ...
########################################################################
Starting training (respawn #0 of 5)...
########################################################################
[Warning] [omni.isaac.kit.simulation_app] Modules: ['omni.kit_app'] were loaded before SimulationApp was started and might not be loaded correctly.
[Warning] [omni.isaac.kit.simulation_app] Please check to make sure no extra omniverse or pxr modules are imported before the call to SimulationApp(...)
[Info] [carb] Logging to file: /opt/conda/envs/isaaclab/lib/python3.10/site-packages/omni/logs/Kit/Isaac-Sim/4.2/kit_20260513_195558.log
2026-05-13 17:55:58 [0ms] [Warning] [omni.kit.app.plugin] No crash reporter present, dumps uploading isn't available.
2026-05-13 17:55:58 [3ms] [Warning] [omni.ext.plugin] [ext: containers] Extensions config 'extension.toml' doesn't exist '/home/sargapav/robot_rodeo_gym_ws/containers' or '/home/sargapav/robot_rodeo_gym_ws/containers/config'
2026-05-13 17:55:58 [4ms] [Warning] [omni.ext.plugin] [ext: src] Extensions config 'extension.toml' doesn't exist '/home/sargapav/robot_rodeo_gym_ws/src' or '/home/sargapav/robot_rodeo_gym_ws/src/config'
2026-05-13 17:55:58 [4ms] [Warning] [omni.ext.plugin] [ext: configs] Extensions config 'extension.toml' doesn't exist '/home/sargapav/robot_rodeo_gym_ws/configs' or '/home/sargapav/robot_rodeo_gym_ws/configs/config'
2026-05-13 17:55:58 [4ms] [Warning] [omni.ext.plugin] [ext: reports] Extensions config 'extension.toml' doesn't exist '/home/sargapav/robot_rodeo_gym_ws/reports' or '/home/sargapav/robot_rodeo_gym_ws/reports/config'
2026-05-13 17:55:58 [4ms] [Warning] [omni.ext.plugin] [ext: optuna] Extensions config 'extension.toml' doesn't exist '/home/sargapav/robot_rodeo_gym_ws/optuna' or '/home/sargapav/robot_rodeo_gym_ws/optuna/config'
2026-05-13 17:55:58 [4ms] [Warning] [omni.ext.plugin] [ext: runs] Extensions config 'extension.toml' doesn't exist '/home/sargapav/robot_rodeo_gym_ws/runs' or '/home/sargapav/robot_rodeo_gym_ws/runs/config'
2026-05-13 17:55:58 [4ms] [Warning] [omni.ext.plugin] [ext: slurm] Extensions config 'extension.toml' doesn't exist '/home/sargapav/robot_rodeo_gym_ws/slurm' or '/home/sargapav/robot_rodeo_gym_ws/slurm/config'
2026-05-13 17:55:58 [4ms] [Warning] [omni.ext.plugin] [ext: scripts] Extensions config 'extension.toml' doesn't exist '/home/sargapav/robot_rodeo_gym_ws/scripts' or '/home/sargapav/robot_rodeo_gym_ws/scripts/config'
2026-05-13 17:55:58 [4ms] [Warning] [omni.ext.plugin] [ext: wandb] Extensions config 'extension.toml' doesn't exist '/home/sargapav/robot_rodeo_gym_ws/wandb' or '/home/sargapav/robot_rodeo_gym_ws/wandb/config'
2026-05-13 17:55:58 [4ms] [Warning] [omni.ext.plugin] [ext: secrets] Extensions config 'extension.toml' doesn't exist '/home/sargapav/robot_rodeo_gym_ws/secrets' or '/home/sargapav/robot_rodeo_gym_ws/secrets/config'
2026-05-13 17:55:58 [4ms] [Warning] [omni.ext.plugin] [ext: FTR-Benchmark] Extensions config 'extension.toml' doesn't exist '/home/sargapav/robot_rodeo_gym_ws/FTR-Benchmark' or '/home/sargapav/robot_rodeo_gym_ws/FTR-Benchmark/config'
2026-05-13 17:55:58 [4ms] [Warning] [omni.ext.plugin] [ext: logs] Extensions config 'extension.toml' doesn't exist '/home/sargapav/robot_rodeo_gym_ws/logs' or '/home/sargapav/robot_rodeo_gym_ws/logs/config'
[0.220s] [ext: omni.kit.async_engine-0.0.1] startup
[0.481s] [ext: omni.stats-1.0.1] startup
[0.487s] [ext: omni.client-1.2.0] startup
[0.633s] [ext: omni.gpu_foundation.shadercache.vulkan-1.0.0] startup
[0.639s] [ext: omni.assets.plugins-0.0.0] startup
[0.655s] [ext: omni.gpu_foundation-0.0.0] startup
[0.793s] [ext: omni.kit.pipapi-0.0.0] startup
[0.794s] [ext: omni.materialx.libs-1.0.4] startup
[0.821s] [ext: omni.kit.pip_archive-0.0.0] startup
[0.822s] [ext: omni.usd.config-1.0.4] startup
[0.831s] [ext: omni.gpucompute.plugins-0.0.0] startup
[0.833s] [ext: omni.usd.libs-1.0.1] startup
[1.227s] [ext: omni.kit.telemetry-0.5.0] startup
[1.262s] [ext: omni.usd.schema.semantics-0.0.0] startup
[1.452s] [ext: omni.usd.schema.audio-0.0.0] startup
[1.479s] [ext: omni.usd.schema.physx-106.1.9] startup
[1.559s] [ext: carb.audio-0.1.0] startup
[1.587s] [ext: omni.kvdb-106.1.9] startup
[1.594s] [ext: omni.timeline-1.0.10] startup
[1.599s] [ext: omni.kit.actions.core-1.0.0] startup
[1.606s] [ext: omni.kit.audiodeviceenum-1.0.1] startup
[1.610s] [ext: omni.localcache-106.1.9] startup
[1.613s] [ext: omni.usd_resolver-1.0.0] startup
[1.621s] [ext: omni.kit.commands-1.4.9] startup
[1.630s] [ext: omni.graph.exec-0.9.4] startup
[1.632s] [ext: omni.usd.core-1.4.1] startup
[1.642s] [ext: omni.kit.usd_undo-0.1.8] startup
[1.643s] [ext: omni.kit.exec.core-0.13.4] startup
[1.651s] [ext: omni.convexdecomposition-106.1.9] startup
[1.660s] [ext: omni.usd-1.12.2] startup
[1.726s] [ext: omni.usdphysics-106.1.9] startup
[1.730s] [ext: omni.physx.foundation-106.1.9] startup
[1.742s] [ext: omni.kit.usd.layers-2.1.36] startup
[1.759s] [ext: omni.physx.cooking-106.1.9] startup
[1.774s] [ext: omni.blobkey-1.1.2] startup
[1.778s] [ext: omni.datastore-0.0.0] startup
[1.836s] [ext: omni.ujitso.default-1.0.0] startup
[1.845s] [ext: omni.hsscclient-1.1.1] startup
[1.857s] [ext: omni.kit.primitive.mesh-1.0.17] startup
[1.861s] [ext: usdrt.scenegraph-7.5.0] startup
[1.966s] [ext: omni.warp.core-1.2.1] startup
[2.069s] [ext: omni.physx-106.1.9] startup
[2.115s] [ext: omni.kit.stage_template.core-1.1.22] startup
[2.116s] [ext: omni.physx.stageupdate-106.1.9] startup
[2.122s] [ext: omni.kit.stage_templates-1.2.5] startup
[2.124s] [ext: omni.physics.tensors-106.1.9] startup
[2.135s] [ext: omni.isaac.version-1.1.0] startup
[2.136s] [ext: omni.physx.tensors-106.1.9] startup
2026-05-13 17:56:00 [2,287ms] [Warning] [omni.platforminfo.plugin] failed to open the default display.  Can't verify X Server version.
2026-05-13 17:56:00 [2,288ms] [Warning] [omni.platforminfo.plugin] failed to load XRAndR.
[2.586s] [ext: omni.isaac.nucleus-0.3.1] startup
[2.588s] [ext: omni.kit.loop-isaac-1.2.0] startup
[2.591s] [ext: omni.isaac.core-3.19.5] startup
[5.370s] [ext: omni.physx.fabric-106.1.9] startup
[5.385s] [ext: omni.isaac.kit-1.13.2] startup
[5.385s] [ext: omni.isaac.cloner-0.8.1] startup
[5.386s] [ext: isaaclab.python.headless-1.2.0] startup
[5.388s] Simulation App Starting
2026-05-13 17:56:04 [5,369ms] [Warning] [gpu.foundation.plugin] [ShaderCache]: Creating driver shaderCache directory failed: /opt/conda/envs/isaaclab/lib/python3.10/site-packages/omni/cache/nv_shadercache

|---------------------------------------------------------------------------------------------|
| Driver Version: 0             | Graphics API: Vulkan
|=============================================================================================|
| GPU | Name                             | Active | LDA | GPU Memory | Vendor-ID | LUID       |
|     |                                  |        |     |            | Device-ID | UUID       |
|     |                                  |        |     |            | Bus-ID    |            |
|=============================================================================================|
| OS: 13 (trixie) debian, Version: 13.1768320623.103, Kernel: 4.18.0-513.9.1.el8_9.x86_64
| Processor: AMD EPYC 7543 32-Core Processor | Cores: 64 | Logical: 128
|---------------------------------------------------------------------------------------------|
| Total Memory (MB): 1031881 | Free Memory: 894558
| Total Page/Swap (MB): 0 | Free Page/Swap: 0
|---------------------------------------------------------------------------------------------|
2026-05-13 17:56:04 [5,915ms] [Warning] [omni.physx.foundation.plugin] PhysXFoundation: Couldn't get driver version, failed to getDeviceInfo
2026-05-13 17:56:04 [5,915ms] [Warning] [omni.physx.foundation.plugin] PhysXFoundation: Unable to get IGpuFoundation, GpuDevices or Graphics!
2026-05-13 17:56:04 [5,915ms] [Warning] [carb.cudainterop.plugin] CUDA_VISIBLE_DEVICES environment variable is set.
2026-05-13 17:56:04 [5,915ms] [Warning] [carb.cudainterop.plugin] Note CUDA device enumeration and Omniverse device enumeration are different.
2026-05-13 17:56:04 [5,915ms] [Warning] [carb.cudainterop.plugin] Setting CUDA_VISIBLE_DEVICES can lead to undesired behavior or crashes.
[6.832s] app ready
[6.989s] Simulation App Startup Complete
2026-05-13 17:56:11 [12,323ms] [Warning] [pxr.Semantics] pxr.Semantics is deprecated - please use Semantics instead
2026-05-13 17:56:12 [13,873ms] [Warning] [omni.isaac.lab.envs.direct_rl_env] Seed not set for the environment. The environment creation may not be deterministic.
2026-05-13 17:56:15 [16,894ms] [Warning] [omni.physx.plugin] The rigid body at /World/envs/env_0/pumbaa_wheel/pumbaa_wheel/chassis_link has a possibly invalid inertia tensor of {1.0, 1.0, 1.0} and a negative mass, small sphere approximated inertia was used. Either specify correct values in the mass properties, or add collider(s) to any shape(s) that you wish to automatically compute mass properties for.
2026-05-13 17:56:15 [16,894ms] [Warning] [omni.physx.plugin] The rigid body at /World/envs/env_0/pumbaa_wheel/pumbaa_wheel/front_left_flipper_link has a possibly invalid inertia tensor of {1.0, 1.0, 1.0} and a negative mass, small sphere approximated inertia was used. Either specify correct values in the mass properties, or add collider(s) to any shape(s) that you wish to automatically compute mass properties for.
2026-05-13 17:56:15 [16,894ms] [Warning] [omni.physx.plugin] The rigid body at /World/envs/env_0/pumbaa_wheel/pumbaa_wheel/front_right_flipper_link has a possibly invalid inertia tensor of {1.0, 1.0, 1.0} and a negative mass, small sphere approximated inertia was used. Either specify correct values in the mass properties, or add collider(s) to any shape(s) that you wish to automatically compute mass properties for.
2026-05-13 17:56:15 [16,894ms] [Warning] [omni.physx.plugin] The rigid body at /World/envs/env_0/pumbaa_wheel/pumbaa_wheel/rear_left_flipper_link has a possibly invalid inertia tensor of {1.0, 1.0, 1.0} and a negative mass, small sphere approximated inertia was used. Either specify correct values in the mass properties, or add collider(s) to any shape(s) that you wish to automatically compute mass properties for.
2026-05-13 17:56:15 [16,894ms] [Warning] [omni.physx.plugin] The rigid body at /World/envs/env_0/pumbaa_wheel/pumbaa_wheel/rear_right_flipper_link has a possibly invalid inertia tensor of {1.0, 1.0, 1.0} and a negative mass, small sphere approximated inertia was used. Either specify correct values in the mass properties, or add collider(s) to any shape(s) that you wish to automatically compute mass properties for.
2026-05-13 17:56:25 [27,242ms] [Warning] [omni.isaac.lab.assets.articulation.articulation] Not all actuators are configured! Total number of actuated joints not equal to number of joints available: 24 != 40.
[INFO][AppLauncher]: Loading experience file: /opt/IsaacLab/source/extensions/omni.isaac.lab/omni/isaac/lab/app/../../../../../../apps/isaaclab.python.headless.kit
Starting kit application with the following args:  ['/opt/conda/envs/isaaclab/lib/python3.10/site-packages/isaacsim/exts/omni.isaac.kit/omni/isaac/kit/simulation_app.py', '/opt/IsaacLab/source/extensions/omni.isaac.lab/omni/isaac/lab/app/../../../../../../apps/isaaclab.python.headless.kit', '--/app/tokens/exe-path=/opt/conda/envs/isaaclab/lib/python3.10/site-packages/omni', '--/persistent/app/viewport/displayOptions=3094', '--/rtx/materialDb/syncLoads=True', '--/rtx/hydra/materialSyncLoads=True', '--/omni.kit.plugin/syncUsdLoads=True', '--/app/renderer/resolution/width=1280', '--/app/renderer/resolution/height=720', '--/app/window/width=1440', '--/app/window/height=900', '--/renderer/multiGpu/enabled=True', '--/app/fastShutdown=True', '--ext-folder', '/opt/conda/envs/isaaclab/lib/python3.10/site-packages/isaacsim/exts', '--ext-folder', '/opt/conda/envs/isaaclab/lib/python3.10/site-packages/isaacsim/apps', '--/renderer/activeGpu=0', '--/physics/cudaDevice=0', '--portable', '--no-window', '--/app/window/hideUi=True']
Passing the following args to the base kit application:  ['--config', '/ws/configs/ftr_config_david_ft.yaml', '--headless']
/ws
Warp 1.2.1 initialized:
   CUDA Toolkit 11.8, Driver 12.4
   Devices:
     "cpu"      : "CPU"
     "cuda:0"   : "NVIDIA A100-SXM4-40GB" (39 GiB, sm_80, mempool enabled)
   Kernel cache:
     /home/sargapav/.cache/warp/1.2.1
[INFO]: Base environment:
	Environment device    : cuda:0
	Environment seed      : None
	Physics step-size     : 0.005
	Rendering step-size   : 0.025
	Environment step-size : 0.025
[INFO]: Time taken for scene creation : 0.720679 seconds
[INFO]: Scene manager:  <class InteractiveScene>
	Number of environments: 1024
	Environment spacing   : 0.0
	Source prim name      : /World/envs/env_0
	Global prim paths     : ['/World/terrain']
	Replicate physics     : True
[INFO]: Starting the simulation. This may take a few seconds. Please wait...
[INFO]: Time taken for simulation start : 13.451734 seconds
[INFO]: Completed setting up the environment...
2026-05-13 19:56:26,830 [RunLogger][[92mINFO[00m]: RunLogger initialized for run train_ftr_10999209_attempt_0 at /ws/logs/train_ftr_10999209/attempt_0 (logutils.py:105)
2026-05-13 19:56:33,721 [ftr_ppo_train][[92mINFO[00m]: Seed: 42  (random ✓  numpy ✓  torch ✓  cuda ✓) (train_ftr.py:341)
2026-05-13 19:56:33,942 [MLPPolicyConfig][[92mINFO[00m]: Applied orthogonal initialization to the actor and value operators. (mlp_policy.py:89)
[3m     Policy Parameter Counts     [0m
┏━━━━━━━━━━━━━━━━━━┳━━━━━━━━━━━━┓
┃[1m [0m[1m       Component[0m[1m [0m┃[1m [0m[1mParameters[0m[1m [0m┃
┡━━━━━━━━━━━━━━━━━━╇━━━━━━━━━━━━┩
│[36m [0m[36m   Actor Encoder[0m[36m [0m│[35m [0m[35m    32,032[0m[35m [0m│
│[36m [0m[36m      Actor Head[0m[36m [0m│[35m [0m[35m    13,456[0m[35m [0m│
│[36m [0m[36m   Value Encoder[0m[36m [0m│[35m [0m[35m    32,032[0m[35m [0m│
│[36m [0m[36m      Value Head[0m[36m [0m│[35m [0m[35m    12,737[0m[35m [0m│
│[36m [0m[36m             ---[0m[36m [0m│[35m [0m[35m       ---[0m[35m [0m│
│[36m [0m[36m     Total Actor[0m[36m [0m│[35m [0m[35m    45,488[0m[35m [0m│
│[36m [0m[36m     Total Value[0m[36m [0m│[35m [0m[35m    44,769[0m[35m [0m│
│[36m [0m[36m             ---[0m[36m [0m│[35m [0m[35m       ---[0m[35m [0m│
│[36m [0m[36mTotal Parameters[0m[36m [0m│[35m [0m[35m    90,257[0m[35m [0m│
└──────────────────┴────────────┘
2026-05-13 19:56:34,738 [ftr_ppo_train][[92mINFO[00m]: Initialized FtrPPOTrainer. (train_ftr.py:449)
2026-05-13 19:56:34,738 [ftr_ppo_train][[92mINFO[00m]: Iteration size: 131072, frames_per_sub_batch: 4096, optimisation steps per iter: 32 (train_ftr.py:622)
2026-05-13 20:15:56,465 [ftr_ppo_train][[93mWARNING[00m]: Eval rollout failed (physics explosion): Failed while executing module '0'. Scroll up for more info.. Skipping eval metrics this checkpoint. (train_ftr.py:842)
2026-05-13 20:33:00,384 [ftr_ppo_train][[93mWARNING[00m]: Eval rollout failed (physics explosion): Failed while executing module '0'. Scroll up for more info.. Skipping eval metrics this checkpoint. (train_ftr.py:842)
2026-05-13 20:49:41,399 [ftr_ppo_train][[93mWARNING[00m]: Eval rollout failed (physics explosion): Failed while executing module '0'. Scroll up for more info.. Skipping eval metrics this checkpoint. (train_ftr.py:842)
2026-05-13 21:06:38,986 [ftr_ppo_train][[93mWARNING[00m]: Eval rollout failed (physics explosion): Failed while executing module '0'. Scroll up for more info.. Skipping eval metrics this checkpoint. (train_ftr.py:842)
2026-05-13 21:23:55,762 [ftr_ppo_train][[93mWARNING[00m]: Eval rollout failed (physics explosion): Failed while executing module '0'. Scroll up for more info.. Skipping eval metrics this checkpoint. (train_ftr.py:842)
2026-05-13 21:41:20,417 [ftr_ppo_train][[93mWARNING[00m]: Eval rollout failed (physics explosion): Failed while executing module '0'. Scroll up for more info.. Skipping eval metrics this checkpoint. (train_ftr.py:842)
2026-05-13 21:58:29,874 [ftr_ppo_train][[93mWARNING[00m]: Eval rollout failed (physics explosion): Failed while executing module '0'. Scroll up for more info.. Skipping eval metrics this checkpoint. (train_ftr.py:842)
2026-05-13 22:15:18,447 [ftr_ppo_train][[93mWARNING[00m]: Eval rollout failed (physics explosion): Failed while executing module '0'. Scroll up for more info.. Skipping eval metrics this checkpoint. (train_ftr.py:842)
2026-05-13 22:33:25,289 [ftr_ppo_train][[93mWARNING[00m]: Eval rollout failed (physics explosion): Failed while executing module '0'. Scroll up for more info.. Skipping eval metrics this checkpoint. (train_ftr.py:842)
2026-05-13 22:51:45,153 [ftr_ppo_train][[93mWARNING[00m]: Eval rollout failed (physics explosion): Failed while executing module '0'. Scroll up for more info.. Skipping eval metrics this checkpoint. (train_ftr.py:842)
2026-05-13 23:10:37,276 [ftr_ppo_train][[93mWARNING[00m]: Eval rollout failed (physics explosion): Failed while executing module '0'. Scroll up for more info.. Skipping eval metrics this checkpoint. (train_ftr.py:842)
2026-05-13 23:29:43,502 [ftr_ppo_train][[93mWARNING[00m]: Eval rollout failed (physics explosion): Failed while executing module '0'. Scroll up for more info.. Skipping eval metrics this checkpoint. (train_ftr.py:842)
2026-05-13 23:48:50,165 [ftr_ppo_train][[93mWARNING[00m]: Eval rollout failed (physics explosion): Failed while executing module '0'. Scroll up for more info.. Skipping eval metrics this checkpoint. (train_ftr.py:842)
2026-05-14 00:08:14,213 [ftr_ppo_train][[93mWARNING[00m]: Eval rollout failed (physics explosion): Failed while executing module '0'. Scroll up for more info.. Skipping eval metrics this checkpoint. (train_ftr.py:842)
2026-05-14 00:27:43,349 [ftr_ppo_train][[93mWARNING[00m]: Eval rollout failed (physics explosion): Failed while executing module '0'. Scroll up for more info.. Skipping eval metrics this checkpoint. (train_ftr.py:842)
2026-05-14 00:47:42,933 [ftr_ppo_train][[93mWARNING[00m]: Eval rollout failed (physics explosion): Failed while executing module '0'. Scroll up for more info.. Skipping eval metrics this checkpoint. (train_ftr.py:842)
2026-05-14 01:07:27,995 [ftr_ppo_train][[93mWARNING[00m]: Eval rollout failed (physics explosion): Failed while executing module '0'. Scroll up for more info.. Skipping eval metrics this checkpoint. (train_ftr.py:842)
2026-05-14 01:27:42,299 [ftr_ppo_train][[93mWARNING[00m]: Eval rollout failed (physics explosion): Failed while executing module '0'. Scroll up for more info.. Skipping eval metrics this checkpoint. (train_ftr.py:842)
2026-05-14 01:47:55,186 [ftr_ppo_train][[93mWARNING[00m]: Eval rollout failed (physics explosion): Failed while executing module '0'. Scroll up for more info.. Skipping eval metrics this checkpoint. (train_ftr.py:842)
2026-05-14 02:10:17,986 [ftr_ppo_train][[93mWARNING[00m]: Eval rollout failed (physics explosion): Failed while executing module '0'. Scroll up for more info.. Skipping eval metrics this checkpoint. (train_ftr.py:842)
2026-05-14 02:32:28,031 [ftr_ppo_train][[93mWARNING[00m]: Eval rollout failed (physics explosion): Failed while executing module '0'. Scroll up for more info.. Skipping eval metrics this checkpoint. (train_ftr.py:842)
2026-05-13 18:15:56 [1,197,773ms] [Warning] [ftr_ppo_train] Eval rollout failed (physics explosion): Failed while executing module '0'. Scroll up for more info.. Skipping eval metrics this checkpoint.
2026-05-13 18:33:00 [2,221,693ms] [Warning] [ftr_ppo_train] Eval rollout failed (physics explosion): Failed while executing module '0'. Scroll up for more info.. Skipping eval metrics this checkpoint.
2026-05-13 18:49:41 [3,222,708ms] [Warning] [ftr_ppo_train] Eval rollout failed (physics explosion): Failed while executing module '0'. Scroll up for more info.. Skipping eval metrics this checkpoint.
2026-05-13 19:06:38 [4,240,295ms] [Warning] [ftr_ppo_train] Eval rollout failed (physics explosion): Failed while executing module '0'. Scroll up for more info.. Skipping eval metrics this checkpoint.
2026-05-13 19:23:55 [5,277,071ms] [Warning] [ftr_ppo_train] Eval rollout failed (physics explosion): Failed while executing module '0'. Scroll up for more info.. Skipping eval metrics this checkpoint.
2026-05-13 19:41:20 [6,321,726ms] [Warning] [ftr_ppo_train] Eval rollout failed (physics explosion): Failed while executing module '0'. Scroll up for more info.. Skipping eval metrics this checkpoint.
2026-05-13 19:58:29 [7,351,182ms] [Warning] [ftr_ppo_train] Eval rollout failed (physics explosion): Failed while executing module '0'. Scroll up for more info.. Skipping eval metrics this checkpoint.
2026-05-13 20:15:18 [8,359,755ms] [Warning] [ftr_ppo_train] Eval rollout failed (physics explosion): Failed while executing module '0'. Scroll up for more info.. Skipping eval metrics this checkpoint.
2026-05-13 20:33:25 [9,446,597ms] [Warning] [ftr_ppo_train] Eval rollout failed (physics explosion): Failed while executing module '0'. Scroll up for more info.. Skipping eval metrics this checkpoint.
2026-05-13 20:51:45 [10,546,462ms] [Warning] [ftr_ppo_train] Eval rollout failed (physics explosion): Failed while executing module '0'. Scroll up for more info.. Skipping eval metrics this checkpoint.
2026-05-13 21:10:37 [11,678,584ms] [Warning] [ftr_ppo_train] Eval rollout failed (physics explosion): Failed while executing module '0'. Scroll up for more info.. Skipping eval metrics this checkpoint.
2026-05-13 21:29:43 [12,824,810ms] [Warning] [ftr_ppo_train] Eval rollout failed (physics explosion): Failed while executing module '0'. Scroll up for more info.. Skipping eval metrics this checkpoint.
2026-05-13 21:48:50 [13,971,474ms] [Warning] [ftr_ppo_train] Eval rollout failed (physics explosion): Failed while executing module '0'. Scroll up for more info.. Skipping eval metrics this checkpoint.
2026-05-13 22:08:14 [15,135,522ms] [Warning] [ftr_ppo_train] Eval rollout failed (physics explosion): Failed while executing module '0'. Scroll up for more info.. Skipping eval metrics this checkpoint.
2026-05-13 22:27:43 [16,304,657ms] [Warning] [ftr_ppo_train] Eval rollout failed (physics explosion): Failed while executing module '0'. Scroll up for more info.. Skipping eval metrics this checkpoint.
2026-05-13 22:47:42 [17,504,241ms] [Warning] [ftr_ppo_train] Eval rollout failed (physics explosion): Failed while executing module '0'. Scroll up for more info.. Skipping eval metrics this checkpoint.
2026-05-13 23:07:27 [18,689,304ms] [Warning] [ftr_ppo_train] Eval rollout failed (physics explosion): Failed while executing module '0'. Scroll up for more info.. Skipping eval metrics this checkpoint.
2026-05-13 23:27:42 [19,903,607ms] [Warning] [ftr_ppo_train] Eval rollout failed (physics explosion): Failed while executing module '0'. Scroll up for more info.. Skipping eval metrics this checkpoint.
2026-05-13 23:47:55 [21,116,495ms] [Warning] [ftr_ppo_train] Eval rollout failed (physics explosion): Failed while executing module '0'. Scroll up for more info.. Skipping eval metrics this checkpoint.
2026-05-14 00:10:17 [22,459,295ms] [Warning] [ftr_ppo_train] Eval rollout failed (physics explosion): Failed while executing module '0'. Scroll up for more info.. Skipping eval metrics this checkpoint.
2026-05-14 00:32:28 [23,789,340ms] [Warning] [ftr_ppo_train] Eval2026-05-14 02:53:30,343 [ftr_ppo_train][[93mWARNING[00m]: Eval rollout failed (physics explosion): Failed while executing module '0'. Scroll up for more info.. Skipping eval metrics this checkpoint. (train_ftr.py:842)
2026-05-14 03:14:41,549 [ftr_ppo_train][[93mWARNING[00m]: Eval rollout failed (physics explosion): Failed while executing module '0'. Scroll up for more info.. Skipping eval metrics this checkpoint. (train_ftr.py:842)
2026-05-14 03:36:25,359 [ftr_ppo_train][[93mWARNING[00m]: Eval rollout failed (physics explosion): Failed while executing module '0'. Scroll up for more info.. Skipping eval metrics this checkpoint. (train_ftr.py:842)
2026-05-14 03:57:47,555 [ftr_ppo_train][[93mWARNING[00m]: Eval rollout failed (physics explosion): Failed while executing module '0'. Scroll up for more info.. Skipping eval metrics this checkpoint. (train_ftr.py:842)
2026-05-14 04:19:40,226 [ftr_ppo_train][[93mWARNING[00m]: Eval rollout failed (physics explosion): Failed while executing module '0'. Scroll up for more info.. Skipping eval metrics this checkpoint. (train_ftr.py:842)
2026-05-14 04:41:41,335 [ftr_ppo_train][[93mWARNING[00m]: Eval rollout failed (physics explosion): Failed while executing module '0'. Scroll up for more info.. Skipping eval metrics this checkpoint. (train_ftr.py:842)
2026-05-14 05:03:56,762 [ftr_ppo_train][[93mWARNING[00m]: Eval rollout failed (physics explosion): Failed while executing module '0'. Scroll up for more info.. Skipping eval metrics this checkpoint. (train_ftr.py:842)
2026-05-14 05:26:15,843 [ftr_ppo_train][[93mWARNING[00m]: Eval rollout failed (physics explosion): Failed while executing module '0'. Scroll up for more info.. Skipping eval metrics this checkpoint. (train_ftr.py:842)
2026-05-14 05:48:50,985 [ftr_ppo_train][[93mWARNING[00m]: Eval rollout failed (physics explosion): Failed while executing module '0'. Scroll up for more info.. Skipping eval metrics this checkpoint. (train_ftr.py:842)
2026-05-14 06:11:32,794 [ftr_ppo_train][[93mWARNING[00m]: Eval rollout failed (physics explosion): Failed while executing module '0'. Scroll up for more info.. Skipping eval metrics this checkpoint. (train_ftr.py:842)
2026-05-14 06:34:27,756 [ftr_ppo_train][[93mWARNING[00m]: Eval rollout failed (physics explosion): Failed while executing module '0'. Scroll up for more info.. Skipping eval metrics this checkpoint. (train_ftr.py:842)
2026-05-14 06:57:46,870 [ftr_ppo_train][[93mWARNING[00m]: Eval rollout failed (physics explosion): Failed while executing module '0'. Scroll up for more info.. Skipping eval metrics this checkpoint. (train_ftr.py:842)
2026-05-14 07:21:09,350 [ftr_ppo_train][[93mWARNING[00m]: Eval rollout failed (physics explosion): Failed while executing module '0'. Scroll up for more info.. Skipping eval metrics this checkpoint. (train_ftr.py:842)
2026-05-14 07:44:43,223 [ftr_ppo_train][[93mWARNING[00m]: Eval rollout failed (physics explosion): Failed while executing module '0'. Scroll up for more info.. Skipping eval metrics this checkpoint. (train_ftr.py:842)
2026-05-14 08:08:36,092 [ftr_ppo_train][[93mWARNING[00m]: Eval rollout failed (physics explosion): Failed while executing module '0'. Scroll up for more info.. Skipping eval metrics this checkpoint. (train_ftr.py:842)
2026-05-14 08:32:29,682 [ftr_ppo_train][[93mWARNING[00m]: Eval rollout failed (physics explosion): Failed while executing module '0'. Scroll up for more info.. Skipping eval metrics this checkpoint. (train_ftr.py:842)
2026-05-14 08:56:32,443 [ftr_ppo_train][[93mWARNING[00m]: Eval rollout failed (physics explosion): Failed while executing module '0'. Scroll up for more info.. Skipping eval metrics this checkpoint. (train_ftr.py:842)
2026-05-14 09:20:51,692 [ftr_ppo_train][[93mWARNING[00m]: Eval rollout failed (physics explosion): Failed while executing module '0'. Scroll up for more info.. Skipping eval metrics this checkpoint. (train_ftr.py:842)
2026-05-14 09:45:24,487 [ftr_ppo_train][[93mWARNING[00m]: Eval rollout failed (physics explosion): Failed while executing module '0'. Scroll up for more info.. Skipping eval metrics this checkpoint. (train_ftr.py:842)
2026-05-14 10:10:01,233 [ftr_ppo_train][[93mWARNING[00m]: Eval rollout failed (physics explosion): Failed while executing module '0'. Scroll up for more info.. Skipping eval metrics this checkpoint. (train_ftr.py:842)
 rollout failed (physics explosion): Failed while executing module '0'. Scroll up for more info.. Skipping eval metrics this checkpoint.
2026-05-14 00:53:30 [25,051,651ms] [Warning] [ftr_ppo_train] Eval rollout failed (physics explosion): Failed while executing module '0'. Scroll up for more info.. Skipping eval metrics this checkpoint.
2026-05-14 01:14:41 [26,322,857ms] [Warning] [ftr_ppo_train] Eval rollout failed (physics explosion): Failed while executing module '0'. Scroll up for more info.. Skipping eval metrics this checkpoint.
2026-05-14 01:36:25 [27,626,667ms] [Warning] [ftr_ppo_train] Eval rollout failed (physics explosion): Failed while executing module '0'. Scroll up for more info.. Skipping eval metrics this checkpoint.
2026-05-14 01:57:47 [28,908,863ms] [Warning] [ftr_ppo_train] Eval rollout failed (physics explosion): Failed while executing module '0'. Scroll up for more info.. Skipping eval metrics this checkpoint.
2026-05-14 02:19:40 [30,221,535ms] [Warning] [ftr_ppo_train] Eval rollout failed (physics explosion): Failed while executing module '0'. Scroll up for more info.. Skipping eval metrics this checkpoint.
2026-05-14 02:41:41 [31,542,644ms] [Warning] [ftr_ppo_train] Eval rollout failed (physics explosion): Failed while executing module '0'. Scroll up for more info.. Skipping eval metrics this checkpoint.
2026-05-14 03:03:56 [32,878,070ms] [Warning] [ftr_ppo_train] Eval rollout failed (physics explosion): Failed while executing module '0'. Scroll up for more info.. Skipping eval metrics this checkpoint.
2026-05-14 03:26:15 [34,217,152ms] [Warning] [ftr_ppo_train] Eval rollout failed (physics explosion): Failed while executing module '0'. Scroll up for more info.. Skipping eval metrics this checkpoint.
2026-05-14 03:48:50 [35,572,294ms] [Warning] [ftr_ppo_train] Eval rollout failed (physics explosion): Failed while executing module '0'. Scroll up for more info.. Skipping eval metrics this checkpoint.
2026-05-14 04:11:32 [36,934,103ms] [Warning] [ftr_ppo_train] Eval rollout failed (physics explosion): Failed while executing module '0'. Scroll up for more info.. Skipping eval metrics this checkpoint.
2026-05-14 04:34:27 [38,309,065ms] [Warning] [ftr_ppo_train] Eval rollout failed (physics explosion): Failed while executing module '0'. Scroll up for more info.. Skipping eval metrics this checkpoint.
2026-05-14 04:57:46 [39,708,179ms] [Warning] [ftr_ppo_train] Eval rollout failed (physics explosion): Failed while executing module '0'. Scroll up for more info.. Skipping eval metrics this checkpoint.
2026-05-14 05:21:09 [41,110,658ms] [Warning] [ftr_ppo_train] Eval rollout failed (physics explosion): Failed while executing module '0'. Scroll up for more info.. Skipping eval metrics this checkpoint.
2026-05-14 05:44:43 [42,524,531ms] [Warning] [ftr_ppo_train] Eval rollout failed (physics explosion): Failed while executing module '0'. Scroll up for more info.. Skipping eval metrics this checkpoint.
2026-05-14 06:08:36 [43,957,401ms] [Warning] [ftr_ppo_train] Eval rollout failed (physics explosion): Failed while executing module '0'. Scroll up for more info.. Skipping eval metrics this checkpoint.
2026-05-14 06:32:29 [45,390,991ms] [Warning] [ftr_ppo_train] Eval rollout failed (physics explosion): Failed while executing module '0'. Scroll up for more info.. Skipping eval metrics this checkpoint.
2026-05-14 06:56:32 [46,833,752ms] [Warning] [ftr_ppo_train] Eval rollout failed (physics explosion): Failed while executing module '0'. Scroll up for more info.. Skipping eval metrics this checkpoint.
2026-05-14 07:20:51 [48,293,001ms] [Warning] [ftr_ppo_train] Eval rollout failed (physics explosion): Failed while executing module '0'. Scroll up for more info.. Skipping eval metrics this checkpoint.
2026-05-14 07:45:24 [49,765,796ms] [Warning] [ftr_ppo_train] Eval rollout failed (physics explosion): Failed while executing module '0'. Scroll up for more info.. Skipping eval metrics this checkpoint.
2026-05-14 08:10:01 [51,242,542ms] [Warning] [ftr_ppo_train] Eval rollout failed (physics explosion): Failed while execut2026-05-14 10:35:03,231 [ftr_ppo_train][[93mWARNING[00m]: Eval rollout failed (physics explosion): Failed while executing module '0'. Scroll up for more info.. Skipping eval metrics this checkpoint. (train_ftr.py:842)
2026-05-14 11:00:32,022 [ftr_ppo_train][[93mWARNING[00m]: Eval rollout failed (physics explosion): Failed while executing module '0'. Scroll up for more info.. Skipping eval metrics this checkpoint. (train_ftr.py:842)
2026-05-14 11:26:18,353 [ftr_ppo_train][[93mWARNING[00m]: Eval rollout failed (physics explosion): Failed while executing module '0'. Scroll up for more info.. Skipping eval metrics this checkpoint. (train_ftr.py:842)
2026-05-14 11:52:24,893 [ftr_ppo_train][[93mWARNING[00m]: Eval rollout failed (physics explosion): Failed while executing module '0'. Scroll up for more info.. Skipping eval metrics this checkpoint. (train_ftr.py:842)
2026-05-14 12:18:22,271 [ftr_ppo_train][[93mWARNING[00m]: Eval rollout failed (physics explosion): Failed while executing module '0'. Scroll up for more info.. Skipping eval metrics this checkpoint. (train_ftr.py:842)
2026-05-14 12:44:34,065 [ftr_ppo_train][[93mWARNING[00m]: Eval rollout failed (physics explosion): Failed while executing module '0'. Scroll up for more info.. Skipping eval metrics this checkpoint. (train_ftr.py:842)
2026-05-14 13:01:00,326 [ftr_ppo_train][[92mINFO[00m]: Training finished. Running 20 final eval(s). (train_ftr.py:883)
2026-05-14 13:09:40,113 [ftr_ppo_train][[91mERROR[00m]: Training failed: Failed while executing module '0'. Scroll up for more info. (train_ftr.py:585)
ing module '0'. Scroll up for more info.. Skipping eval metrics this checkpoint.
2026-05-14 08:35:03 [52,744,540ms] [Warning] [ftr_ppo_train] Eval rollout failed (physics explosion): Failed while executing module '0'. Scroll up for more info.. Skipping eval metrics this checkpoint.
2026-05-14 09:00:32 [54,273,331ms] [Warning] [ftr_ppo_train] Eval rollout failed (physics explosion): Failed while executing module '0'. Scroll up for more info.. Skipping eval metrics this checkpoint.
2026-05-14 09:26:18 [55,819,662ms] [Warning] [ftr_ppo_train] Eval rollout failed (physics explosion): Failed while executing module '0'. Scroll up for more info.. Skipping eval metrics this checkpoint.
2026-05-14 09:52:24 [57,386,202ms] [Warning] [ftr_ppo_train] Eval rollout failed (physics explosion): Failed while executing module '0'. Scroll up for more info.. Skipping eval metrics this checkpoint.
2026-05-14 10:18:22 [58,943,579ms] [Warning] [ftr_ppo_train] Eval rollout failed (physics explosion): Failed while executing module '0'. Scroll up for more info.. Skipping eval metrics this checkpoint.
2026-05-14 10:44:34 [60,515,373ms] [Warning] [ftr_ppo_train] Eval rollout failed (physics explosion): Failed while executing module '0'. Scroll up for more info.. Skipping eval metrics this checkpoint.
2026-05-14 13:09:40,171 [ftr_ppo_train][[92mINFO[00m]: Saved crash checkpoint at iter=479, frames=62914560. (train_ftr.py:602)
2026-05-14 13:09:40,171 [ftr_ppo_train][[92mINFO[00m]: W&B run 15b9869ccf8d6e0fe8d604768e07e3e3ebc81995bb147a7d4d78fc707ce40a95 will resume when the job restarts. (train_ftr.py:604)
2026-05-14 13:09:48,231 [RunLogger][[92mINFO[00m]: W&B run finished (ID: 15b9869ccf8d6e0fe8d604768e07e3e3ebc81995bb147a7d4d78fc707ce40a95). (logutils.py:271)
2026-05-14 13:09:48,231 [RunLogger][[92mINFO[00m]: RunLogger closed. (logutils.py:274)
