########################################################################
Job array ID : 10709911
Array task   : 203
Job ID       : 10711829
Node         : g01
Submit host  : login3.rci.cvut.cz
Restart count: 0
########################################################################
Fri Mar 20 17:35:00 2026       
+-----------------------------------------------------------------------------------------+
| NVIDIA-SMI 550.54.14              Driver Version: 550.54.14      CUDA Version: 12.4     |
|-----------------------------------------+------------------------+----------------------+
| GPU  Name                 Persistence-M | Bus-Id          Disp.A | Volatile Uncorr. ECC |
| Fan  Temp   Perf          Pwr:Usage/Cap |           Memory-Usage | GPU-Util  Compute M. |
|                                         |                        |               MIG M. |
|=========================================+========================+======================|
|   0  NVIDIA A100-SXM4-40GB          On  |   00000000:81:00.0 Off |                    0 |
| N/A   29C    P0             57W /  400W |       0MiB /  40960MiB |      0%      Default |
|                                         |                        |             Disabled |
+-----------------------------------------+------------------------+----------------------+
                                                                                         
+-----------------------------------------------------------------------------------------+
| Processes:                                                                              |
|  GPU   GI   CI        PID   Type   Process name                              GPU Memory |
|        ID   ID                                                               Usage      |
|=========================================================================================|
|  No running processes found                                                             |
+-----------------------------------------------------------------------------------------+
GPU is clean.
Copying Omniverse cache to node-local /tmp/omni_cache_10709911_203 ...
Using SQLite database: sqlite:////ws/optuna/optuna.db
SQLite file will be at: /home/sargapav/robot_rodeo_gym_ws/optuna/optuna.db
W&B project : optuna_ftr_search_v2
Executing:
apptainer exec --nv     --bind /home/sargapav/robot_rodeo_gym_ws:/ws     --bind /tmp/omni_cache_10709911_203:/home/sargapav/.cache/ov     --env OMNI_KIT_ACCEPT_EULA=Y     --env WANDB_API_KEY=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     --env WANDB_PROJECT=optuna_ftr_search_v2     --env WANDB_DIR=/ws/logs/wandb     --env WANDB_INIT_TIMEOUT=60     --env WANDB__NETWORK_BUFFER=60     /home/sargapav/robot_rodeo_gym_ws/containers/isaaclab_optuna.sif     conda run -n isaaclab --no-capture-output     env PYTHONPATH=/ws/src/FTR-benchmark:/ws/src/flipper_training     python /ws/src/flipper_training/flipper_training/experiments/ppo/optuna_train_ftr.py     --train_config  /ws/configs/ftr_config_optuna_best.yaml     --optuna_config /ws/configs/optuna_ftr.yaml     --num_envs 128     --headless 
------------------------------------------------------------------------
[Warning] [omni.isaac.kit.simulation_app] Modules: ['omni.kit_app'] were loaded before SimulationApp was started and might not be loaded correctly.
[Warning] [omni.isaac.kit.simulation_app] Please check to make sure no extra omniverse or pxr modules are imported before the call to SimulationApp(...)
[Info] [carb] Logging to file: /opt/conda/envs/isaaclab/lib/python3.10/site-packages/omni/logs/Kit/Isaac-Sim/4.2/kit_20260320_173508.log
2026-03-20 16:35:08 [0ms] [Warning] [omni.kit.app.plugin] No crash reporter present, dumps uploading isn't available.
2026-03-20 16:35:08 [4ms] [Warning] [omni.ext.plugin] [ext: containers] Extensions config 'extension.toml' doesn't exist '/home/sargapav/robot_rodeo_gym_ws/containers' or '/home/sargapav/robot_rodeo_gym_ws/containers/config'
2026-03-20 16:35:08 [4ms] [Warning] [omni.ext.plugin] [ext: src] Extensions config 'extension.toml' doesn't exist '/home/sargapav/robot_rodeo_gym_ws/src' or '/home/sargapav/robot_rodeo_gym_ws/src/config'
2026-03-20 16:35:08 [4ms] [Warning] [omni.ext.plugin] [ext: logs] Extensions config 'extension.toml' doesn't exist '/home/sargapav/robot_rodeo_gym_ws/logs' or '/home/sargapav/robot_rodeo_gym_ws/logs/config'
2026-03-20 16:35:08 [4ms] [Warning] [omni.ext.plugin] [ext: reports] Extensions config 'extension.toml' doesn't exist '/home/sargapav/robot_rodeo_gym_ws/reports' or '/home/sargapav/robot_rodeo_gym_ws/reports/config'
2026-03-20 16:35:08 [4ms] [Warning] [omni.ext.plugin] [ext: configs] Extensions config 'extension.toml' doesn't exist '/home/sargapav/robot_rodeo_gym_ws/configs' or '/home/sargapav/robot_rodeo_gym_ws/configs/config'
2026-03-20 16:35:08 [4ms] [Warning] [omni.ext.plugin] [ext: FTR-Benchmark] Extensions config 'extension.toml' doesn't exist '/home/sargapav/robot_rodeo_gym_ws/FTR-Benchmark' or '/home/sargapav/robot_rodeo_gym_ws/FTR-Benchmark/config'
2026-03-20 16:35:08 [4ms] [Warning] [omni.ext.plugin] [ext: runs] Extensions config 'extension.toml' doesn't exist '/home/sargapav/robot_rodeo_gym_ws/runs' or '/home/sargapav/robot_rodeo_gym_ws/runs/config'
2026-03-20 16:35:08 [4ms] [Warning] [omni.ext.plugin] [ext: scripts] Extensions config 'extension.toml' doesn't exist '/home/sargapav/robot_rodeo_gym_ws/scripts' or '/home/sargapav/robot_rodeo_gym_ws/scripts/config'
2026-03-20 16:35:08 [4ms] [Warning] [omni.ext.plugin] [ext: secrets] Extensions config 'extension.toml' doesn't exist '/home/sargapav/robot_rodeo_gym_ws/secrets' or '/home/sargapav/robot_rodeo_gym_ws/secrets/config'
2026-03-20 16:35:08 [4ms] [Warning] [omni.ext.plugin] [ext: slurm] Extensions config 'extension.toml' doesn't exist '/home/sargapav/robot_rodeo_gym_ws/slurm' or '/home/sargapav/robot_rodeo_gym_ws/slurm/config'
2026-03-20 16:35:08 [4ms] [Warning] [omni.ext.plugin] [ext: wandb] Extensions config 'extension.toml' doesn't exist '/home/sargapav/robot_rodeo_gym_ws/wandb' or '/home/sargapav/robot_rodeo_gym_ws/wandb/config'
2026-03-20 16:35:08 [5ms] [Warning] [omni.ext.plugin] [ext: optuna] Extensions config 'extension.toml' doesn't exist '/home/sargapav/robot_rodeo_gym_ws/optuna' or '/home/sargapav/robot_rodeo_gym_ws/optuna/config'
[0.197s] [ext: omni.kit.async_engine-0.0.1] startup
[0.431s] [ext: omni.stats-1.0.1] startup
[0.436s] [ext: omni.client-1.2.0] startup
[0.550s] [ext: omni.gpu_foundation.shadercache.vulkan-1.0.0] startup
[0.559s] [ext: omni.assets.plugins-0.0.0] startup
[0.568s] [ext: omni.gpu_foundation-0.0.0] startup
[0.665s] [ext: omni.kit.pipapi-0.0.0] startup
[0.666s] [ext: omni.materialx.libs-1.0.4] startup
[0.686s] [ext: omni.kit.pip_archive-0.0.0] startup
[0.687s] [ext: omni.usd.config-1.0.4] startup
[0.695s] [ext: omni.gpucompute.plugins-0.0.0] startup
[0.697s] [ext: omni.usd.libs-1.0.1] startup
[0.995s] [ext: omni.kit.telemetry-0.5.0] startup
[1.023s] [ext: omni.usd.schema.semantics-0.0.0] startup
2026-03-20 16:35:09 [943ms] [Warning] [omni.platforminfo.plugin] failed to open the default display.  Can't verify X Server version.
2026-03-20 16:35:09 [943ms] [Warning] [omni.platforminfo.plugin] failed to load XRAndR.
[1.183s] [ext: omni.usd.schema.audio-0.0.0] startup
[1.207s] [ext: omni.usd.schema.physx-106.1.9] startup
[1.274s] [ext: carb.audio-0.1.0] startup
[1.288s] [ext: omni.kvdb-106.1.9] startup
[1.293s] [ext: omni.timeline-1.0.10] startup
[1.297s] [ext: omni.kit.actions.core-1.0.0] startup
[1.302s] [ext: omni.kit.audiodeviceenum-1.0.1] startup
[1.305s] [ext: omni.localcache-106.1.9] startup
[1.309s] [ext: omni.usd_resolver-1.0.0] startup
[1.316s] [ext: omni.kit.commands-1.4.9] startup
[1.323s] [ext: omni.graph.exec-0.9.4] startup
[1.325s] [ext: omni.usd.core-1.4.1] startup
[1.334s] [ext: omni.kit.usd_undo-0.1.8] startup
[1.335s] [ext: omni.kit.exec.core-0.13.4] startup
[1.340s] [ext: omni.convexdecomposition-106.1.9] startup
[1.347s] [ext: omni.usd-1.12.2] startup
[1.408s] [ext: omni.usdphysics-106.1.9] startup
[1.411s] [ext: omni.physx.foundation-106.1.9] startup
[1.421s] [ext: omni.kit.usd.layers-2.1.36] startup
[1.435s] [ext: omni.physx.cooking-106.1.9] startup
[1.447s] [ext: omni.blobkey-1.1.2] startup
[1.450s] [ext: omni.datastore-0.0.0] startup
[1.493s] [ext: omni.ujitso.default-1.0.0] startup
[1.499s] [ext: omni.hsscclient-1.1.1] startup
[1.510s] [ext: omni.kit.primitive.mesh-1.0.17] startup
[1.515s] [ext: usdrt.scenegraph-7.5.0] startup
[1.596s] [ext: omni.warp.core-1.2.1] startup
[1.844s] [ext: omni.physx-106.1.9] startup
[1.880s] [ext: omni.kit.stage_template.core-1.1.22] startup
[1.882s] [ext: omni.physx.stageupdate-106.1.9] startup
[1.887s] [ext: omni.kit.stage_templates-1.2.5] startup
[1.889s] [ext: omni.physics.tensors-106.1.9] startup
[1.898s] [ext: omni.isaac.version-1.1.0] startup
[1.899s] [ext: omni.physx.tensors-106.1.9] startup
[2.311s] [ext: omni.isaac.nucleus-0.3.1] startup
[2.313s] [ext: omni.kit.loop-isaac-1.2.0] startup
[2.316s] [ext: omni.isaac.core-3.19.5] startup
[4.718s] [ext: omni.physx.fabric-106.1.9] startup
[4.729s] [ext: omni.isaac.kit-1.13.2] startup
[4.730s] [ext: omni.isaac.cloner-0.8.1] startup
[4.731s] [ext: isaaclab.python.headless-1.2.0] startup
[4.733s] Simulation App Starting
2026-03-20 16:35:13 [4,715ms] [Warning] [gpu.foundation.plugin] [ShaderCache]: Creating driver shaderCache directory failed: /opt/conda/envs/isaaclab/lib/python3.10/site-packages/omni/cache/nv_shadercache

|---------------------------------------------------------------------------------------------|
| Driver Version: 0             | Graphics API: Vulkan
|=============================================================================================|
| GPU | Name                             | Active | LDA | GPU Memory | Vendor-ID | LUID       |
|     |                                  |        |     |            | Device-ID | UUID       |
|     |                                  |        |     |            | Bus-ID    |            |
|=============================================================================================|
| OS: 13 (trixie) debian, Version: 13.762277421.1684957559, Kernel: 4.18.0-513.9.1.el8_9.x86_64
| Processor: AMD EPYC 7543 32-Core Processor | Cores: 64 | Logical: 128
|---------------------------------------------------------------------------------------------|
| Total Memory (MB): 1031894 | Free Memory: 984688
| Total Page/Swap (MB): 0 | Free Page/Swap: 0
|---------------------------------------------------------------------------------------------|
2026-03-20 16:35:13 [5,158ms] [Warning] [omni.physx.foundation.plugin] PhysXFoundation: Couldn't get driver version, failed to getDeviceInfo
2026-03-20 16:35:13 [5,158ms] [Warning] [omni.physx.foundation.plugin] PhysXFoundation: Unable to get IGpuFoundation, GpuDevices or Graphics!
2026-03-20 16:35:13 [5,159ms] [Warning] [carb.cudainterop.plugin] CUDA_VISIBLE_DEVICES environment variable is set.
2026-03-20 16:35:13 [5,159ms] [Warning] [carb.cudainterop.plugin] Note CUDA device enumeration and Omniverse device enumeration are different.
2026-03-20 16:35:13 [5,159ms] [Warning] [carb.cudainterop.plugin] Setting CUDA_VISIBLE_DEVICES can lead to undesired behavior or crashes.
[5.969s] app ready
[INFO][AppLauncher]: Loading experience file: /opt/IsaacLab/source/extensions/omni.isaac.lab/omni/isaac/lab/app/../../../../../../apps/isaaclab.python.headless.kit
Starting kit application with the following args:  ['/opt/conda/envs/isaaclab/lib/python3.10/site-packages/isaacsim/exts/omni.isaac.kit/omni/isaac/kit/simulation_app.py', '/opt/IsaacLab/source/extensions/omni.isaac.lab/omni/isaac/lab/app/../../../../../../apps/isaaclab.python.headless.kit', '--/app/tokens/exe-path=/opt/conda/envs/isaaclab/lib/python3.10/site-packages/omni', '--/persistent/app/viewport/displayOptions=3094', '--/rtx/materialDb/syncLoads=True', '--/rtx/hydra/materialSyncLoads=True', '--/omni.kit.plugin/syncUsdLoads=True', '--/app/renderer/resolution/width=1280', '--/app/renderer/resolution/height=720', '--/app/window/width=1440', '--/app/window/height=900', '--/renderer/multiGpu/enabled=True', '--/app/fastShutdown=True', '--ext-folder', '/opt/conda/envs/isaaclab/lib/python3.10/site-packages/isaacsim/exts', '--ext-folder', '/opt/conda/envs/isaaclab/lib/python3.10/site-packages/isaacsim/apps', '--/renderer/activeGpu=0', '--/physics/cudaDevice=0', '--portable', '--no-window', '--/app/window/hideUi=True']
Passing the following args to the base kit application:  ['--train_config', '/ws/configs/ftr_config_optuna_best.yaml', '--optuna_config', '/ws/configs/optuna_ftr.yaml', '--num_envs', '128', '--headless']
/ws
Warp 1.2.1 initialized:
   CUDA Toolkit 11.8, Driver 12.4
   Devices:
     "cpu"      : "CPU"
     "cuda:0"   : "NVIDIA A100-SXM4-40GB" (39 GiB, sm_80, mempool enabled)
   Kernel cache:
     /home/sargapav/.cache/warp/1.2.1
2026-03-20 17:35:20,556 [optuna_ftr][[92mINFO[00m]: Search space: 14 parameters over 250 total trials. (optuna_train_ftr.py:277)
2026-03-20 17:35:20,556 [optuna_ftr][[92mINFO[00m]: Optimising:   ['eval/success_rate']  (['maximize']) (optuna_train_ftr.py:278)
2026-03-20 17:35:21,262 [optuna_ftr][[92mINFO[00m]: Study 'ftr_potential_optuna_v2' — 210 complete/running trials (215 total incl. failed), targeting 250. Running 1 trial this process. (optuna_train_ftr.py:201)
2026-03-20 17:35:21,960 [optuna_ftr][[92mINFO[00m]: Trial 215 — sampled parameters: (optuna_train_ftr.py:105)
2026-03-20 17:35:21,960 [optuna_ftr][[92mINFO[00m]:   env_cfg_overrides.potential_goal_reached_reward = 17.58607376748066 (optuna_train_ftr.py:107)
2026-03-20 17:35:21,960 [optuna_ftr][[92mINFO[00m]:   env_cfg_overrides.potential_failed_reward = -8.424081542741279 (optuna_train_ftr.py:107)
2026-03-20 17:35:21,960 [optuna_ftr][[92mINFO[00m]:   env_cfg_overrides.potential_coef = 41.373417739411735 (optuna_train_ftr.py:107)
2026-03-20 17:35:21,960 [optuna_ftr][[92mINFO[00m]:   env_cfg_overrides.potential_step_penalty = -0.6209432445254928 (optuna_train_ftr.py:107)
2026-03-20 17:35:21,960 [optuna_ftr][[92mINFO[00m]:   env_cfg_overrides.potential_joint_vel_variance_coef = 3.58374517792394 (optuna_train_ftr.py:107)
2026-03-20 17:35:21,960 [optuna_ftr][[92mINFO[00m]:   env_cfg_overrides.potential_roll_rate_coef = 1.57096866881601 (optuna_train_ftr.py:107)
2026-03-20 17:35:21,960 [optuna_ftr][[92mINFO[00m]:   env_cfg_overrides.potential_pitch_rate_coef = 1.0281208486419158 (optuna_train_ftr.py:107)
2026-03-20 17:35:21,960 [optuna_ftr][[92mINFO[00m]:   policy_opts.actor_optimizer_opts.lr = 5.0511545424639974e-05 (optuna_train_ftr.py:107)
2026-03-20 17:35:21,960 [optuna_ftr][[92mINFO[00m]:   policy_opts.value_optimizer_opts.lr = 0.001299558964272147 (optuna_train_ftr.py:107)
2026-03-20 17:35:21,960 [optuna_ftr][[92mINFO[00m]:   ftr_obs_encoder_opts.hidden_dim = 512 (optuna_train_ftr.py:107)
2026-03-20 17:35:21,960 [optuna_ftr][[92mINFO[00m]:   ppo_opts.entropy_coef = 0.023611155346518756 (optuna_train_ftr.py:107)
2026-03-20 17:35:21,960 [optuna_ftr][[92mINFO[00m]:   ppo_opts.clip_epsilon = 0.1515813260724042 (optuna_train_ftr.py:107)
2026-03-20 17:35:21,960 [optuna_ftr][[92mINFO[00m]:   gae_opts.gamma = 0.9926802032201342 (optuna_train_ftr.py:107)
2026-03-20 17:35:21,960 [optuna_ftr][[92mINFO[00m]:   gae_opts.lmbda = 0.9576217360002582 (optuna_train_ftr.py:107)
[6.135s] Simulation App Startup Complete
2026-03-20 16:35:19 [11,019ms] [Warning] [pxr.Semantics] pxr.Semantics is deprecated - please use Semantics instead
2026-03-20 16:35:21 [13,208ms] [Warning] [omni.isaac.lab.envs.direct_rl_env] Seed not set for the environment. The environment creation may not be deterministic.
2026-03-20 16:35:24 [15,386ms] [Warning] [omni.physx.plugin] The rigid body at /World/envs/env_0/pumbaa_wheel/pumbaa_wheel/chassis_link has a possibly invalid inertia tensor of {1.0, 1.0, 1.0} and a negative mass, small sphere approximated inertia was used. Either specify correct values in the mass properties, or add collider(s) to any shape(s) that you wish to automatically compute mass properties for.
2026-03-20 16:35:24 [15,386ms] [Warning] [omni.physx.plugin] The rigid body at /World/envs/env_0/pumbaa_wheel/pumbaa_wheel/front_left_flipper_link has a possibly invalid inertia tensor of {1.0, 1.0, 1.0} and a negative mass, small sphere approximated inertia was used. Either specify correct values in the mass properties, or add collider(s) to any shape(s) that you wish to automatically compute mass properties for.
2026-03-20 16:35:24 [15,386ms] [Warning] [omni.physx.plugin] The rigid body at /World/envs/env_0/pumbaa_wheel/pumbaa_wheel/front_right_flipper_link has a possibly invalid inertia tensor of {1.0, 1.0, 1.0} and a negative mass, small sphere approximated inertia was used. Either specify correct values in the mass properties, or add collider(s) to any shape(s) that you wish to automatically compute mass properties for.
2026-03-20 16:35:24 [15,386ms] [Warning] [omni.physx.plugin] The rigid body at /World/envs/env_0/pumbaa_wheel/pumbaa_wheel/rear_left_flipper_link has a possibly invalid inertia tensor of {1.0, 1.0, 1.0} and a negative mass, small sphere approximated inertia was used. Either specify correct values in the mass properties, or add collider(s) to any shape(s) that you wish to automatically compute mass properties for.
2026-03-20 16:35:24 [15,386ms] [Warning] [omni.physx.plugin] The rigid body at /World/envs/env_0/pumbaa_wheel/pumbaa_wheel/rear_right_flipper_link has a possibly invalid inertia tensor of {1.0, 1.0, 1.0} and a negative mass, small sphere approximated inertia was used. Either specify correct values in the mass properties, or add collider(s) to any shape(s) that you wish to automatically compute mass properties for.
2026-03-20 16:35:24 [15,768ms] [Warning] [omni.isaac.lab.assets.articulation.articulation] Not all actuators are configured! Total number of actuated joints not equal to number of joints available: 24 != 40.
[INFO]: Base environment:
	Environment device    : cuda:0
	Environment seed      : None
	Physics step-size     : 0.01
	Rendering step-size   : 0.05
	Environment step-size : 0.05
[INFO]: Time taken for scene creation : 0.384558 seconds
[INFO]: Scene manager:  <class InteractiveScene>
	Number of environments: 128
	Environment spacing   : 0.0
	Source prim name      : /World/envs/env_0
	Global prim paths     : ['/World/terrain']
	Replicate physics     : True
[INFO]: Starting the simulation. This may take a few seconds. Please wait...
[INFO]: Time taken for simulation start : 2.454272 seconds
[INFO]: Completed setting up the environment...
2026-03-20 17:35:24,894 [RunLogger][[92mINFO[00m]: RunLogger initialized for run ftr_ppo_crossing_potential_2026-03-20_17-35-24_171348 at /ws/logs/optuna_ftr_10709911/optuna_ftr_10709911_203 (logutils.py:103)
2026-03-20 17:35:32,257 [MLPPolicyConfig][[92mINFO[00m]: Applied orthogonal initialization to the actor and value operators. (mlp_policy.py:89)
[3m     Policy Parameter Counts     [0m
┏━━━━━━━━━━━━━━━━━━┳━━━━━━━━━━━━┓
┃[1m [0m[1m       Component[0m[1m [0m┃[1m [0m[1mParameters[0m[1m [0m┃
┡━━━━━━━━━━━━━━━━━━╇━━━━━━━━━━━━┩
│[36m [0m[36m   Actor Encoder[0m[36m [0m│[35m [0m[35m   455,936[0m[35m [0m│
│[36m [0m[36m      Actor Head[0m[36m [0m│[35m [0m[35m    21,128[0m[35m [0m│
│[36m [0m[36m   Value Encoder[0m[36m [0m│[35m [0m[35m   455,936[0m[35m [0m│
│[36m [0m[36m      Value Head[0m[36m [0m│[35m [0m[35m    20,929[0m[35m [0m│
│[36m [0m[36m             ---[0m[36m [0m│[35m [0m[35m       ---[0m[35m [0m│
│[36m [0m[36m     Total Actor[0m[36m [0m│[35m [0m[35m   477,064[0m[35m [0m│
│[36m [0m[36m     Total Value[0m[36m [0m│[35m [0m[35m   476,865[0m[35m [0m│
│[36m [0m[36m             ---[0m[36m [0m│[35m [0m[35m       ---[0m[35m [0m│
│[36m [0m[36mTotal Parameters[0m[36m [0m│[35m [0m[35m   953,929[0m[35m [0m│
└──────────────────┴────────────┘
2026-03-20 17:35:32,525 [ftr_ppo_train][[92mINFO[00m]: Initialized FtrPPOTrainer. (train_ftr.py:204)
2026-03-20 17:35:32,525 [ftr_ppo_train][[92mINFO[00m]: Iteration size: 16384, frames_per_sub_batch: 4096, optimisation steps per iter: 4 (train_ftr.py:243)
2026-03-20 20:42:20,263 [ftr_ppo_train][[92mINFO[00m]: Training finished. Running 10 final eval(s). (train_ftr.py:382)

Final evaluation results:
  eval/mean_step_reward: 2.1098
  eval/max_step_reward: 23.5587
  eval/min_step_reward: -45.0932
  eval/pct_terminated: 0.3205
  eval/pct_truncated: 0.0007
  eval/success_rate: 0.4636
  eval/failure_rate: 0.1916
  eval/explosion_rate: 0.0000
2026-03-20 20:56:54,174 [RunLogger][[92mINFO[00m]: RunLogger closed. (logutils.py:200)
2026-03-20 20:56:54,636 [optuna_ftr][[92mINFO[00m]: Trial 215 done — {'eval/success_rate': 0.4636437358518964} (optuna_train_ftr.py:149)
2026-03-20 20:56:55,071 [optuna_ftr][[92mINFO[00m]: Best trial so far: #203  values=[0.5321260257831817]  params={'env_cfg_overrides.potential_goal_reached_reward': 19.263446596596808, 'env_cfg_overrides.potential_failed_reward': -5.47537671254998, 'env_cfg_overrides.potential_coef': 32.80364272114803, 'env_cfg_overrides.potential_step_penalty': -0.7324415580342077, 'env_cfg_overrides.potential_joint_vel_variance_coef': 0.22731671263891193, 'env_cfg_overrides.potential_roll_rate_coef': 0.7614203071965031, 'env_cfg_overrides.potential_pitch_rate_coef': 1.446286960529061, 'policy_opts.actor_optimizer_opts.lr': 7.183812888864876e-05, 'policy_opts.value_optimizer_opts.lr': 0.00024393542284602165, 'ftr_obs_encoder_opts.hidden_dim': 512, 'ppo_opts.entropy_coef': 0.007947508724904592, 'ppo_opts.clip_epsilon': 0.27079543244700166, 'gae_opts.gamma': 0.9971673533165324, 'gae_opts.lmbda': 0.9660023745743768} (optuna_train_ftr.py:223)
########################################################################
Task 203 finished with exit status: 0
########################################################################
Cleaning up node-local cache...
