########################################################################
Job array ID : 10998148
Array task   : 6
Job ID       : 10998564
Node         : g01
Submit host  : login4.rci.cvut.cz
Restart count: 0
########################################################################
Wed May 13 15:50:34 2026       
+-----------------------------------------------------------------------------------------+
| NVIDIA-SMI 550.54.14              Driver Version: 550.54.14      CUDA Version: 12.4     |
|-----------------------------------------+------------------------+----------------------+
| GPU  Name                 Persistence-M | Bus-Id          Disp.A | Volatile Uncorr. ECC |
| Fan  Temp   Perf          Pwr:Usage/Cap |           Memory-Usage | GPU-Util  Compute M. |
|                                         |                        |               MIG M. |
|=========================================+========================+======================|
|   0  NVIDIA A100-SXM4-40GB          On  |   00000000:81:00.0 Off |                    0 |
| N/A   27C    P0             57W /  400W |       0MiB /  40960MiB |      0%      Default |
|                                         |                        |             Disabled |
+-----------------------------------------+------------------------+----------------------+
                                                                                         
+-----------------------------------------------------------------------------------------+
| Processes:                                                                              |
|  GPU   GI   CI        PID   Type   Process name                              GPU Memory |
|        ID   ID                                                               Usage      |
|=========================================================================================|
|  No running processes found                                                             |
+-----------------------------------------------------------------------------------------+
GPU is clean.
Copying Omniverse cache to node-local /tmp/omni_cache_10998148_6 ...
Using SQLite database: sqlite:////ws/optuna/rand_policy_optuna.db
SQLite file: /home/sargapav/robot_rodeo_gym_ws/optuna/rand_policy_optuna.db
Executing:
apptainer exec --nv     --bind /home/sargapav/robot_rodeo_gym_ws:/ws     --bind /tmp/omni_cache_10998148_6:/home/sargapav/.cache/ov     --env OMNI_KIT_ACCEPT_EULA=Y     --env REQUESTS_CA_BUNDLE=/etc/ssl/certs/ca-certificates.crt     --env SSL_CERT_FILE=/etc/ssl/certs/ca-certificates.crt     /home/sargapav/robot_rodeo_gym_ws/containers/isaaclab_optuna.sif     conda run -n isaaclab --no-capture-output     env PYTHONPATH=/ws/src/FTR-benchmark:/ws/src/flipper_training     python /ws/src/flipper_training/flipper_training/experiments/ppo/optuna_eval_rand.py     --config  /home/sargapav/robot_rodeo_gym_ws/configs/rand_policy_eval.yaml     --optuna_config /home/sargapav/robot_rodeo_gym_ws/configs/optuna_rand_policy.yaml     --headless 
------------------------------------------------------------------------
[Warning] [omni.isaac.kit.simulation_app] Modules: ['omni.kit_app'] were loaded before SimulationApp was started and might not be loaded correctly.
[Warning] [omni.isaac.kit.simulation_app] Please check to make sure no extra omniverse or pxr modules are imported before the call to SimulationApp(...)
[Info] [carb] Logging to file: /opt/conda/envs/isaaclab/lib/python3.10/site-packages/omni/logs/Kit/Isaac-Sim/4.2/kit_20260513_155045.log
2026-05-13 13:50:45 [0ms] [Warning] [omni.kit.app.plugin] No crash reporter present, dumps uploading isn't available.
2026-05-13 13:50:45 [4ms] [Warning] [omni.ext.plugin] [ext: containers] Extensions config 'extension.toml' doesn't exist '/home/sargapav/robot_rodeo_gym_ws/containers' or '/home/sargapav/robot_rodeo_gym_ws/containers/config'
2026-05-13 13:50:45 [4ms] [Warning] [omni.ext.plugin] [ext: src] Extensions config 'extension.toml' doesn't exist '/home/sargapav/robot_rodeo_gym_ws/src' or '/home/sargapav/robot_rodeo_gym_ws/src/config'
2026-05-13 13:50:45 [4ms] [Warning] [omni.ext.plugin] [ext: reports] Extensions config 'extension.toml' doesn't exist '/home/sargapav/robot_rodeo_gym_ws/reports' or '/home/sargapav/robot_rodeo_gym_ws/reports/config'
2026-05-13 13:50:45 [4ms] [Warning] [omni.ext.plugin] [ext: logs] Extensions config 'extension.toml' doesn't exist '/home/sargapav/robot_rodeo_gym_ws/logs' or '/home/sargapav/robot_rodeo_gym_ws/logs/config'
2026-05-13 13:50:45 [4ms] [Warning] [omni.ext.plugin] [ext: configs] Extensions config 'extension.toml' doesn't exist '/home/sargapav/robot_rodeo_gym_ws/configs' or '/home/sargapav/robot_rodeo_gym_ws/configs/config'
2026-05-13 13:50:45 [4ms] [Warning] [omni.ext.plugin] [ext: FTR-Benchmark] Extensions config 'extension.toml' doesn't exist '/home/sargapav/robot_rodeo_gym_ws/FTR-Benchmark' or '/home/sargapav/robot_rodeo_gym_ws/FTR-Benchmark/config'
2026-05-13 13:50:45 [4ms] [Warning] [omni.ext.plugin] [ext: runs] Extensions config 'extension.toml' doesn't exist '/home/sargapav/robot_rodeo_gym_ws/runs' or '/home/sargapav/robot_rodeo_gym_ws/runs/config'
2026-05-13 13:50:45 [4ms] [Warning] [omni.ext.plugin] [ext: secrets] Extensions config 'extension.toml' doesn't exist '/home/sargapav/robot_rodeo_gym_ws/secrets' or '/home/sargapav/robot_rodeo_gym_ws/secrets/config'
2026-05-13 13:50:45 [4ms] [Warning] [omni.ext.plugin] [ext: scripts] Extensions config 'extension.toml' doesn't exist '/home/sargapav/robot_rodeo_gym_ws/scripts' or '/home/sargapav/robot_rodeo_gym_ws/scripts/config'
2026-05-13 13:50:45 [4ms] [Warning] [omni.ext.plugin] [ext: slurm] Extensions config 'extension.toml' doesn't exist '/home/sargapav/robot_rodeo_gym_ws/slurm' or '/home/sargapav/robot_rodeo_gym_ws/slurm/config'
2026-05-13 13:50:45 [5ms] [Warning] [omni.ext.plugin] [ext: wandb] Extensions config 'extension.toml' doesn't exist '/home/sargapav/robot_rodeo_gym_ws/wandb' or '/home/sargapav/robot_rodeo_gym_ws/wandb/config'
2026-05-13 13:50:45 [5ms] [Warning] [omni.ext.plugin] [ext: optuna] Extensions config 'extension.toml' doesn't exist '/home/sargapav/robot_rodeo_gym_ws/optuna' or '/home/sargapav/robot_rodeo_gym_ws/optuna/config'
[0.195s] [ext: omni.kit.async_engine-0.0.1] startup
[0.434s] [ext: omni.stats-1.0.1] startup
[0.438s] [ext: omni.client-1.2.0] startup
[0.554s] [ext: omni.gpu_foundation.shadercache.vulkan-1.0.0] startup
[0.562s] [ext: omni.assets.plugins-0.0.0] startup
[0.572s] [ext: omni.gpu_foundation-0.0.0] startup
[0.671s] [ext: omni.kit.pipapi-0.0.0] startup
[0.672s] [ext: omni.materialx.libs-1.0.4] startup
[0.692s] [ext: omni.kit.pip_archive-0.0.0] startup
[0.693s] [ext: omni.usd.config-1.0.4] startup
[0.701s] [ext: omni.gpucompute.plugins-0.0.0] startup
[0.704s] [ext: omni.usd.libs-1.0.1] startup
[1.016s] [ext: omni.kit.telemetry-0.5.0] startup
[1.046s] [ext: omni.usd.schema.semantics-0.0.0] startup
[1.211s] [ext: omni.usd.schema.audio-0.0.0] startup
[1.234s] [ext: omni.usd.schema.physx-106.1.9] startup
[1.301s] [ext: carb.audio-0.1.0] startup
[1.327s] [ext: omni.kvdb-106.1.9] startup
[1.332s] [ext: omni.timeline-1.0.10] startup
[1.336s] [ext: omni.kit.actions.core-1.0.0] startup
[1.341s] [ext: omni.kit.audiodeviceenum-1.0.1] startup
[1.345s] [ext: omni.localcache-106.1.9] startup
[1.348s] [ext: omni.usd_resolver-1.0.0] startup
[1.355s] [ext: omni.kit.commands-1.4.9] startup
[1.362s] [ext: omni.graph.exec-0.9.4] startup
[1.363s] [ext: omni.usd.core-1.4.1] startup
[1.371s] [ext: omni.kit.usd_undo-0.1.8] startup
[1.372s] [ext: omni.kit.exec.core-0.13.4] startup
[1.378s] [ext: omni.convexdecomposition-106.1.9] startup
[1.385s] [ext: omni.usd-1.12.2] startup
[1.440s] [ext: omni.usdphysics-106.1.9] startup
[1.444s] [ext: omni.physx.foundation-106.1.9] startup
[1.453s] [ext: omni.kit.usd.layers-2.1.36] startup
[1.467s] [ext: omni.physx.cooking-106.1.9] startup
[1.479s] [ext: omni.blobkey-1.1.2] startup
[1.481s] [ext: omni.datastore-0.0.0] startup
[1.523s] [ext: omni.ujitso.default-1.0.0] startup
[1.530s] [ext: omni.hsscclient-1.1.1] startup
[1.540s] [ext: omni.kit.primitive.mesh-1.0.17] startup
[1.544s] [ext: usdrt.scenegraph-7.5.0] startup
[1.627s] [ext: omni.warp.core-1.2.1] startup
[1.879s] [ext: omni.physx-106.1.9] startup
[1.914s] [ext: omni.kit.stage_template.core-1.1.22] startup
[1.916s] [ext: omni.physx.stageupdate-106.1.9] startup
[1.920s] [ext: omni.kit.stage_templates-1.2.5] startup
[1.922s] [ext: omni.physics.tensors-106.1.9] startup
[1.932s] [ext: omni.isaac.version-1.1.0] startup
[1.933s] [ext: omni.physx.tensors-106.1.9] startup
2026-05-13 13:50:47 [2,285ms] [Warning] [omni.platforminfo.plugin] failed to open the default display.  Can't verify X Server version.
2026-05-13 13:50:47 [2,286ms] [Warning] [omni.platforminfo.plugin] failed to load XRAndR.
[2.413s] [ext: omni.isaac.nucleus-0.3.1] startup
[2.415s] [ext: omni.kit.loop-isaac-1.2.0] startup
[2.418s] [ext: omni.isaac.core-3.19.5] startup
[4.837s] [ext: omni.physx.fabric-106.1.9] startup
[4.848s] [ext: omni.isaac.kit-1.13.2] startup
[4.848s] [ext: omni.isaac.cloner-0.8.1] startup
[4.849s] [ext: isaaclab.python.headless-1.2.0] startup
[4.851s] Simulation App Starting
2026-05-13 13:50:50 [4,836ms] [Warning] [gpu.foundation.plugin] [ShaderCache]: Creating driver shaderCache directory failed: /opt/conda/envs/isaaclab/lib/python3.10/site-packages/omni/cache/nv_shadercache

|---------------------------------------------------------------------------------------------|
| Driver Version: 0             | Graphics API: Vulkan
|=============================================================================================|
| GPU | Name                             | Active | LDA | GPU Memory | Vendor-ID | LUID       |
|     |                                  |        |     |            | Device-ID | UUID       |
|     |                                  |        |     |            | Bus-ID    |            |
|=============================================================================================|
| OS: 13 (trixie) debian, Version: 13.1869181806.2037395054, Kernel: 4.18.0-513.9.1.el8_9.x86_64
| Processor: AMD EPYC 7543 32-Core Processor | Cores: 64 | Logical: 128
|---------------------------------------------------------------------------------------------|
| Total Memory (MB): 1031894 | Free Memory: 903667
| Total Page/Swap (MB): 0 | Free Page/Swap: 0
|---------------------------------------------------------------------------------------------|
2026-05-13 13:50:50 [5,307ms] [Warning] [omni.physx.foundation.plugin] PhysXFoundation: Couldn't get driver version, failed to getDeviceInfo
2026-05-13 13:50:50 [5,307ms] [Warning] [omni.physx.foundation.plugin] PhysXFoundation: Unable to get IGpuFoundation, GpuDevices or Graphics!
2026-05-13 13:50:50 [5,308ms] [Warning] [carb.cudainterop.plugin] CUDA_VISIBLE_DEVICES environment variable is set.
2026-05-13 13:50:50 [5,308ms] [Warning] [carb.cudainterop.plugin] Note CUDA device enumeration and Omniverse device enumeration are different.
2026-05-13 13:50:50 [5,308ms] [Warning] [carb.cudainterop.plugin] Setting CUDA_VISIBLE_DEVICES can lead to undesired behavior or crashes.
[6.176s] app ready
[INFO][AppLauncher]: Loading experience file: /opt/IsaacLab/source/extensions/omni.isaac.lab/omni/isaac/lab/app/../../../../../../apps/isaaclab.python.headless.kit
Starting kit application with the following args:  ['/opt/conda/envs/isaaclab/lib/python3.10/site-packages/isaacsim/exts/omni.isaac.kit/omni/isaac/kit/simulation_app.py', '/opt/IsaacLab/source/extensions/omni.isaac.lab/omni/isaac/lab/app/../../../../../../apps/isaaclab.python.headless.kit', '--/app/tokens/exe-path=/opt/conda/envs/isaaclab/lib/python3.10/site-packages/omni', '--/persistent/app/viewport/displayOptions=3094', '--/rtx/materialDb/syncLoads=True', '--/rtx/hydra/materialSyncLoads=True', '--/omni.kit.plugin/syncUsdLoads=True', '--/app/renderer/resolution/width=1280', '--/app/renderer/resolution/height=720', '--/app/window/width=1440', '--/app/window/height=900', '--/renderer/multiGpu/enabled=True', '--/app/fastShutdown=True', '--ext-folder', '/opt/conda/envs/isaaclab/lib/python3.10/site-packages/isaacsim/exts', '--ext-folder', '/opt/conda/envs/isaaclab/lib/python3.10/site-packages/isaacsim/apps', '--/renderer/activeGpu=0', '--/physics/cudaDevice=0', '--portable', '--no-window', '--/app/window/hideUi=True']
Passing the following args to the base kit application:  ['--config', '/home/sargapav/robot_rodeo_gym_ws/configs/rand_policy_eval.yaml', '--optuna_config', '/home/sargapav/robot_rodeo_gym_ws/configs/optuna_rand_policy.yaml', '--headless']
/ws
Warp 1.2.1 initialized:
   CUDA Toolkit 11.8, Driver 12.4
   Devices:
     "cpu"      : "CPU"
     "cuda:0"   : "NVIDIA A100-SXM4-40GB" (39 GiB, sm_80, mempool enabled)
   Kernel cache:
     /home/sargapav/.cache/warp/1.2.1
2026-05-13 15:50:57,869 [optuna_eval_rand][[92mINFO[00m]: Search space: 4 parameters over 80 total trials. (optuna_eval_rand.py:340)
2026-05-13 15:50:57,869 [optuna_eval_rand][[92mINFO[00m]: Optimising:   ['eval/success_rate']  (['maximize']) (optuna_eval_rand.py:341)
[6.339s] Simulation App Startup Complete
2026-05-13 13:50:56 [10,978ms] [Warning] [pxr.Semantics] pxr.Semantics is deprecated - please use Semantics instead
2026-05-13 13:50:57 [12,637ms] [Warning] [omni.isaac.lab.envs.direct_rl_env] Seed not set for the environment. The environment creation may not be deterministic.
2026-05-13 13:51:00 [15,368ms] [Warning] [omni.physx.plugin] The rigid body at /World/envs/env_0/pumbaa_wheel/pumbaa_wheel/chassis_link has a possibly invalid inertia tensor of {1.0, 1.0, 1.0} and a negative mass, small sphere approximated inertia was used. Either specify correct values in the mass properties, or add collider(s) to any shape(s) that you wish to automatically compute mass properties for.
2026-05-13 13:51:00 [15,369ms] [Warning] [omni.physx.plugin] The rigid body at /World/envs/env_0/pumbaa_wheel/pumbaa_wheel/front_left_flipper_link has a possibly invalid inertia tensor of {1.0, 1.0, 1.0} and a negative mass, small sphere approximated inertia was used. Either specify correct values in the mass properties, or add collider(s) to any shape(s) that you wish to automatically compute mass properties for.
2026-05-13 13:51:00 [15,369ms] [Warning] [omni.physx.plugin] The rigid body at /World/envs/env_0/pumbaa_wheel/pumbaa_wheel/front_right_flipper_link has a possibly invalid inertia tensor of {1.0, 1.0, 1.0} and a negative mass, small sphere approximated inertia was used. Either specify correct values in the mass properties, or add collider(s) to any shape(s) that you wish to automatically compute mass properties for.
2026-05-13 13:51:00 [15,369ms] [Warning] [omni.physx.plugin] The rigid body at /World/envs/env_0/pumbaa_wheel/pumbaa_wheel/rear_left_flipper_link has a possibly invalid inertia tensor of {1.0, 1.0, 1.0} and a negative mass, small sphere approximated inertia was used. Either specify correct values in the mass properties, or add collider(s) to any shape(s) that you wish to automatically compute mass properties for.
2026-05-13 13:51:00 [15,369ms] [Warning] [omni.physx.plugin] The rigid body at /World/envs/env_0/pumbaa_wheel/pumbaa_wheel/rear_right_flipper_link has a possibly invalid inertia tensor of {1.0, 1.0, 1.0} and a negative mass, small sphere approximated inertia was used. Either specify correct values in the mass properties, or add collider(s) to any shape(s) that you wish to automatically compute mass properties for.
2026-05-13 13:51:08 [23,177ms] [Warning] [omni.isaac.lab.assets.articulation.articulation] Not all actuators are configured! Total number of actuated joints not equal to number of joints available: 24 != 40.
[INFO]: Base environment:
	Environment device    : cuda:0
	Environment seed      : None
	Physics step-size     : 0.005
	Rendering step-size   : 0.025
	Environment step-size : 0.025
[INFO]: Time taken for scene creation : 0.675300 seconds
[INFO]: Scene manager:  <class InteractiveScene>
	Number of environments: 1024
	Environment spacing   : 0.0
	Source prim name      : /World/envs/env_0
	Global prim paths     : ['/World/terrain']
	Replicate physics     : True
[INFO]: Starting the simulation. This may take a few seconds. Please wait...
[INFO]: Time taken for simulation start : 10.641594 seconds
[INFO]: Completed setting up the environment...
2026-05-13 15:51:09,766 [optuna_eval_rand][[92mINFO[00m]: Study 'rand_policy_optuna_v1' — 6 complete trials (6 total), targeting 80. Running 1 trial. (optuna_eval_rand.py:271)
2026-05-13 15:51:09,908 [optuna_eval_rand][[92mINFO[00m]: Trial 6 — sampled parameters: (optuna_eval_rand.py:160)
2026-05-13 15:51:09,908 [optuna_eval_rand][[92mINFO[00m]:   policy_opts.linear_speed = 0.27115906618560903 (optuna_eval_rand.py:162)
2026-05-13 15:51:09,908 [optuna_eval_rand][[92mINFO[00m]:   policy_opts.sync_flippers = True (optuna_eval_rand.py:162)
2026-05-13 15:51:09,908 [optuna_eval_rand][[92mINFO[00m]:   policy_opts.amp_min = 0.5426298311976759 (optuna_eval_rand.py:162)
2026-05-13 15:51:09,908 [optuna_eval_rand][[92mINFO[00m]:   policy_opts.amp_max = 0.5426298311976759 (optuna_eval_rand.py:162)
2026-05-13 15:51:09,908 [optuna_eval_rand][[92mINFO[00m]:   policy_opts.freq_min = 0.002788359680865845 (optuna_eval_rand.py:162)
2026-05-13 15:51:09,908 [optuna_eval_rand][[92mINFO[00m]:   policy_opts.freq_max = 0.002788359680865845 (optuna_eval_rand.py:162)
2026-05-13 13:53:42 [177,333ms] [Warning] [ftr_envs.tasks.crossing.ftr_env] Sanitized 2/1024 envs (pos_max=86.2 lin_vel_max=10.0 ang_vel_max=0.0): env_ids=[0, 160]
2026-05-13 13:53:43 [178,181ms] [Warning] [ftr_envs.tasks.crossing.ftr_env] Sanitized 2/1024 envs (pos_max=86.2 lin_vel_max=10.1 ang_vel_max=0.0): env_ids=[14, 174]
2026-05-13 13:53:43 [178,603ms] [Warning] [ftr_envs.tasks.crossing.ftr_env] Sanitized 1/1024 envs (pos_max=86.1 lin_vel_max=10.0 ang_vel_max=0.0): env_ids=[161]
2026-05-13 13:53:44 [179,023ms] [Warning] [ftr_envs.tasks.crossing.ftr_env] Sanitized 1/1024 envs (pos_max=86.2 lin_vel_max=10.0 ang_vel_max=0.0): env_ids=[1]
2026-05-13 13:53:44 [179,438ms] [Warning] [ftr_envs.tasks.crossing.ftr_env] Sanitized 4/1024 envs (pos_max=86.1 lin_vel_max=10.0 ang_vel_max=0.1): env_ids=[13, 144, 173, 176]
2026-05-13 13:53:45 [179,855ms] [Warning] [ftr_envs.tasks.crossing.ftr_env] Sanitized 3/1024 envs (pos_max=86.2 lin_vel_max=10.0 ang_vel_max=0.0): env_ids=[2, 16, 162]
2026-05-13 13:53:45 [180,270ms] [Warning] [ftr_envs.tasks.crossing.ftr_env] Sanitized 2/1024 envs (pos_max=86.1 lin_vel_max=10.0 ang_vel_max=0.0): env_ids=[30, 190]
2026-05-13 13:53:45 [180,684ms] [Warning] [ftr_envs.tasks.crossing.ftr_env] Sanitized 3/1024 envs (pos_max=86.2 lin_vel_max=10.0 ang_vel_max=0.1): env_ids=[12, 158, 172]
2026-05-13 13:53:46 [181,097ms] [Warning] [ftr_envs.tasks.crossing.ftr_env] Sanitized 7/1024 envs (pos_max=86.3 lin_vel_max=10.0 ang_vel_max=0.1): env_ids=[3, 17, 32, 145, 163, 177, 192]
2026-05-13 13:53:46 [181,510ms] [Warning] [ftr_envs.tasks.crossing.ftr_env] Sanitized 5/1024 envs (pos_max=86.3 lin_vel_max=10.1 ang_vel_max=0.1): env_ids=[11, 128, 157, 171, 189]
2026-05-13 13:53:47 [181,925ms] [Warning] [ftr_envs.tasks.crossing.ftr_env] Sanitized 6/1024 envs (pos_max=86.3 lin_vel_max=10.1 ang_vel_max=0.1): env_ids=[4, 29, 46, 142, 164, 206]
2026-05-13 13:53:47 [182,342ms] [Warning] [ftr_envs.tasks.crossing.ftr_env] Sanitized 7/1024 envs (pos_max=86.3 lin_vel_max=10.1 ang_vel_max=0.1): env_ids=[10, 18, 112, 146, 170, 178, 208]
2026-05-13 13:53:48 [182,760ms] [Warning] [ftr_envs.tasks.crossing.ftr_env] Sanitized 7/1024 envs (pos_max=86.3 lin_vel_max=10.0 ang_vel_max=0.1): env_ids=[28, 33, 48, 129, 156, 188, 193]
2026-05-13 13:53:48 [183,174ms] [Warning] [ftr_envs.tasks.crossing.ftr_env] Sanitized 11/1024 envs (pos_max=86.2 lin_vel_max=10.1 ang_vel_max=0.1): env_ids=[19, 45, 62, 64, 96, 126, 141, 147, 179, 222, 224]
2026-05-13 13:53:48 [183,587ms] [Warning] [ftr_envs.tasks.crossing.ftr_env] Sanitized 6/1024 envs (pos_max=86.3 lin_vel_max=10.0 ang_vel_max=0.1): env_ids=[49, 80, 155, 205, 209, 240]
2026-05-13 13:53:49 [184,004ms] [Warning] [ftr_envs.tasks.crossing.ftr_env] Sanitized 14/1024 envs (pos_max=86.3 lin_vel_max=10.1 ang_vel_max=0.1): env_ids=[20, 27, 34, 78, 94, 110, 113, 130, 148, 180, 187, 194, 238, 254]
2026-05-13 13:53:49 [184,423ms] [Warning] [ftr_envs.tasks.crossing.ftr_env] Sanitized 9/1024 envs (pos_max=86.3 lin_vel_max=10.0 ang_vel_max=0.0): env_ids=[26, 44, 61, 97, 154, 186, 204, 221, 225]
2026-05-13 13:53:50 [184,852ms] [Warning] [ftr_envs.tasks.crossing.ftr_env] Sanitized 14/1024 envs (pos_max=86.3 lin_vel_max=10.1 ang_vel_max=0.1): env_ids=[35, 50, 65, 81, 114, 125, 131, 140, 149, 150, 153, 195, 210, 241]
2026-05-13 13:53:50 [185,295ms] [Warning] [ftr_envs.tasks.crossing.ftr_env] Sanitized 8/1024 envs (pos_max=86.2 lin_vel_max=10.1 ang_vel_max=0.1): env_ids=[43, 77, 109, 139, 151, 152, 203, 237]
2026-05-13 13:53:50 [185,716ms] [Warning] [ftr_envs.tasks.crossing.ftr_env] Sanitized 11/1024 envs (pos_max=86.3 lin_vel_max=10.1 ang_vel_max=0.1): env_ids=[36, 60, 66, 93, 98, 124, 132, 196, 220, 226, 253]
2026-05-13 13:53:51 [186,135ms] [Warning] [ftr_envs.tasks.crossing.ftr_env] Sanitized 13/1024 envs (pos_max=86.3 lin_vel_max=10.1 ang_vel_max=0.1): env_ids=[37, 42, 51, 76, 82, 115, 133, 138, 197, 202, 211, 236, 242]
2026-05-13 13:53:51 [186,555ms] [Warning] [ftr_envs.tasks.crossing.ftr_env] Sanitized 21/1024 envs (pos_max=86.3 lin_vel_max=10.1 ang_vel_max=0.1): env_ids=[38, 39, 40, 41, 59, 67, 92, 99, 1082026-05-13 16:33:33,560 [optuna_eval_rand][[92mINFO[00m]: Trial 6 done — {'eval/success_rate': 0.089185984724083} (optuna_eval_rand.py:219)
2026-05-13 16:33:33,984 [optuna_eval_rand][[92mINFO[00m]: Best trial so far: #3  values=[0.24629646075029496]  params={'policy_opts.linear_speed': 0.9551582037892684, '_amp': 2.3308687358894757, '_freq': 0.10522940456782462, 'policy_opts.sync_flippers': True} (optuna_eval_rand.py:290)
########################################################################
Task 6 finished with exit status: 0
########################################################################
Cleaning up node-local cache...
